<?xml version="1.0" encoding="UTF-8"?>
<coverage generated="1646344878054" clover="3.2.0">
  <project timestamp="1646344878054" name="All files">
    <metrics statements="273" coveredstatements="179" conditionals="139" coveredconditionals="81" methods="67" coveredmethods="30" elements="479" coveredelements="290" complexity="0" loc="273" ncloc="273" packages="1" files="4" classes="4"/>
    <file name="BreadcrumbTrail.ts" path="/home/aklinker1/Development/open-source/bugsnag-js-service-workers/lib/BreadcrumbTrail.ts">
      <metrics statements="10" coveredstatements="9" conditionals="1" coveredconditionals="0" methods="4" coveredmethods="4"/>
      <line num="3" count="67" type="stmt"/>
      <line num="4" count="67" type="stmt"/>
      <line num="6" count="67" type="stmt"/>
      <line num="7" count="67" type="stmt"/>
      <line num="10" count="66" type="stmt"/>
      <line num="13" count="66" type="cond" truecount="0" falsecount="1"/>
      <line num="14" count="0" type="stmt"/>
      <line num="19" count="67" type="stmt"/>
      <line num="23" count="44" type="stmt"/>
      <line num="25" count="29" type="stmt"/>
    </file>
    <file name="http.ts" path="/home/aklinker1/Development/open-source/bugsnag-js-service-workers/lib/http.ts">
      <metrics statements="28" coveredstatements="4" conditionals="23" coveredconditionals="0" methods="7" coveredmethods="0"/>
      <line num="2" count="1" type="stmt"/>
      <line num="76" count="1" type="stmt"/>
      <line num="87" count="1" type="stmt"/>
      <line num="89" count="1" type="stmt"/>
      <line num="90" count="0" type="stmt"/>
      <line num="92" count="0" type="stmt"/>
      <line num="94" count="0" type="stmt"/>
      <line num="96" count="0" type="stmt"/>
      <line num="97" count="0" type="stmt"/>
      <line num="99" count="0" type="stmt"/>
      <line num="101" count="0" type="cond" truecount="0" falsecount="2"/>
      <line num="102" count="0" type="stmt"/>
      <line num="108" count="0" type="stmt"/>
      <line num="122" count="0" type="stmt"/>
      <line num="124" count="0" type="stmt"/>
      <line num="125" count="0" type="stmt"/>
      <line num="136" count="0" type="stmt"/>
      <line num="151" count="0" type="stmt"/>
      <line num="163" count="0" type="stmt"/>
      <line num="169" count="0" type="stmt"/>
      <line num="174" count="0" type="cond" truecount="0" falsecount="1"/>
      <line num="175" count="0" type="stmt"/>
      <line num="182" count="0" type="cond" truecount="0" falsecount="2"/>
      <line num="183" count="0" type="stmt"/>
      <line num="185" count="0" type="stmt"/>
      <line num="187" count="0" type="stmt"/>
      <line num="188" count="0" type="stmt"/>
      <line num="194" count="0" type="stmt"/>
    </file>
    <file name="index.ts" path="/home/aklinker1/Development/open-source/bugsnag-js-service-workers/lib/index.ts">
      <metrics statements="200" coveredstatements="142" conditionals="99" coveredconditionals="73" methods="47" coveredmethods="18"/>
      <line num="1" count="67" type="stmt"/>
      <line num="16" count="67" type="stmt"/>
      <line num="18" count="67" type="stmt"/>
      <line num="19" count="67" type="stmt"/>
      <line num="22" count="67" type="stmt"/>
      <line num="23" count="67" type="stmt"/>
      <line num="24" count="67" type="stmt"/>
      <line num="26" count="67" type="stmt"/>
      <line num="29" count="67" type="stmt"/>
      <line num="30" count="67" type="stmt"/>
      <line num="31" count="67" type="stmt"/>
      <line num="32" count="67" type="stmt"/>
      <line num="33" count="67" type="stmt"/>
      <line num="34" count="67" type="stmt"/>
      <line num="35" count="67" type="stmt"/>
      <line num="41" count="63" type="cond" truecount="0" falsecount="1"/>
      <line num="42" count="0" type="stmt"/>
      <line num="44" count="63" type="stmt"/>
      <line num="45" count="63" type="stmt"/>
      <line num="46" count="63" type="stmt"/>
      <line num="47" count="63" type="stmt"/>
      <line num="50" count="4" type="stmt"/>
      <line num="51" count="4" type="stmt"/>
      <line num="52" count="4" type="stmt"/>
      <line num="62" count="45" type="stmt"/>
      <line num="74" count="45" type="stmt"/>
      <line num="82" count="45" type="cond" truecount="0" falsecount="1"/>
      <line num="83" count="0" type="stmt"/>
      <line num="84" count="0" type="stmt"/>
      <line num="86" count="45" type="cond" truecount="1" falsecount="0"/>
      <line num="90" count="1" type="stmt"/>
      <line num="92" count="44" type="stmt"/>
      <line num="93" count="2" type="cond" truecount="2" falsecount="0"/>
      <line num="95" count="44" type="stmt"/>
      <line num="96" count="44" type="cond" truecount="1" falsecount="0"/>
      <line num="97" count="44" type="stmt"/>
      <line num="98" count="44" type="stmt"/>
      <line num="99" count="44" type="stmt"/>
      <line num="105" count="44" type="stmt"/>
      <line num="106" count="44" type="stmt"/>
      <line num="110" count="44" type="stmt"/>
      <line num="111" count="44" type="cond" truecount="1" falsecount="1"/>
      <line num="112" count="44" type="cond" truecount="0" falsecount="1"/>
      <line num="115" count="44" type="stmt"/>
      <line num="116" count="44" type="stmt"/>
      <line num="117" count="8" type="cond" truecount="3" falsecount="0"/>
      <line num="118" count="4" type="cond" truecount="2" falsecount="0"/>
      <line num="121" count="44" type="stmt"/>
      <line num="122" count="19" type="cond" truecount="1" falsecount="0"/>
      <line num="123" count="19" type="stmt"/>
      <line num="124" count="19" type="cond" truecount="1" falsecount="0"/>
      <line num="125" count="9" type="stmt"/>
      <line num="127" count="19" type="cond" truecount="3" falsecount="0"/>
      <line num="130" count="44" type="cond" truecount="1" falsecount="0"/>
      <line num="132" count="37" type="cond" truecount="2" falsecount="0"/>
      <line num="134" count="44" type="stmt"/>
      <line num="144" count="68" type="stmt"/>
      <line num="145" count="68" type="cond" truecount="1" falsecount="0"/>
      <line num="149" count="1" type="stmt"/>
      <line num="151" count="67" type="stmt"/>
      <line num="152" count="67" type="stmt"/>
      <line num="153" count="67" type="cond" truecount="2" falsecount="0"/>
      <line num="154" count="67" type="stmt"/>
      <line num="156" count="67" type="cond" truecount="1" falsecount="1"/>
      <line num="157" count="67" type="stmt"/>
      <line num="160" count="3" type="cond" truecount="3" falsecount="0"/>
      <line num="163" count="67" type="cond" truecount="1" falsecount="0"/>
      <line num="165" count="66" type="stmt"/>
      <line num="176" count="0" type="stmt"/>
      <line num="177" count="0" type="cond" truecount="0" falsecount="2"/>
      <line num="178" count="0" type="stmt"/>
      <line num="179" count="0" type="stmt"/>
      <line num="181" count="0" type="stmt"/>
      <line num="182" count="0" type="stmt"/>
      <line num="183" count="0" type="stmt"/>
      <line num="189" count="0" type="cond" truecount="0" falsecount="1"/>
      <line num="190" count="0" type="stmt"/>
      <line num="192" count="0" type="stmt"/>
      <line num="197" count="0" type="cond" truecount="0" falsecount="1"/>
      <line num="199" count="0" type="cond" truecount="0" falsecount="2"/>
      <line num="200" count="0" type="stmt"/>
      <line num="202" count="0" type="stmt"/>
      <line num="209" count="0" type="stmt"/>
      <line num="213" count="0" type="stmt"/>
      <line num="217" count="0" type="stmt"/>
      <line num="218" count="0" type="cond" truecount="0" falsecount="1"/>
      <line num="219" count="0" type="stmt"/>
      <line num="224" count="0" type="stmt"/>
      <line num="230" count="0" type="stmt"/>
      <line num="234" count="0" type="stmt"/>
      <line num="240" count="7" type="cond" truecount="2" falsecount="0"/>
      <line num="244" count="0" type="stmt"/>
      <line num="245" count="0" type="stmt"/>
      <line num="246" count="0" type="stmt"/>
      <line num="247" count="0" type="stmt"/>
      <line num="253" count="65" type="stmt"/>
      <line num="255" count="65" type="cond" truecount="1" falsecount="1"/>
      <line num="256" count="65" type="stmt"/>
      <line num="259" count="0" type="cond" truecount="0" falsecount="3"/>
      <line num="262" count="65" type="cond" truecount="0" falsecount="1"/>
      <line num="264" count="65" type="stmt"/>
      <line num="265" count="65" type="stmt"/>
      <line num="266" count="65" type="stmt"/>
      <line num="267" count="65" type="stmt"/>
      <line num="271" count="2" type="stmt"/>
      <line num="272" count="2" type="stmt"/>
      <line num="273" count="2" type="stmt"/>
      <line num="274" count="2" type="stmt"/>
      <line num="279" count="1" type="cond" truecount="0" falsecount="1"/>
      <line num="281" count="1" type="stmt"/>
      <line num="282" count="1" type="stmt"/>
      <line num="283" count="1" type="stmt"/>
      <line num="284" count="1" type="stmt"/>
      <line num="290" count="19" type="stmt"/>
      <line num="294" count="0" type="stmt"/>
      <line num="298" count="0" type="stmt"/>
      <line num="302" count="0" type="stmt"/>
      <line num="306" count="3" type="stmt"/>
      <line num="310" count="0" type="stmt"/>
      <line num="316" count="0" type="stmt"/>
      <line num="320" count="0" type="cond" truecount="0" falsecount="2"/>
      <line num="322" count="0" type="stmt"/>
      <line num="324" count="0" type="stmt"/>
      <line num="330" count="67" type="cond" truecount="2" falsecount="0"/>
      <line num="331" count="2" type="stmt"/>
      <line num="333" count="65" type="stmt"/>
      <line num="335" count="67" type="cond" truecount="2" falsecount="0"/>
      <line num="336" count="67" type="cond" truecount="2" falsecount="0"/>
      <line num="339" count="0" type="stmt"/>
      <line num="342" count="0" type="stmt"/>
      <line num="345" count="0" type="stmt"/>
      <line num="348" count="0" type="stmt"/>
      <line num="355" count="67" type="cond" truecount="2" falsecount="0"/>
      <line num="357" count="67" type="cond" truecount="4" falsecount="0"/>
      <line num="359" count="67" type="cond" truecount="1" falsecount="0"/>
      <line num="360" count="2" type="stmt"/>
      <line num="361" count="2" type="cond" truecount="2" falsecount="0"/>
      <line num="362" count="1" type="stmt"/>
      <line num="364" count="1" type="stmt"/>
      <line num="368" count="67" type="cond" truecount="1" falsecount="0"/>
      <line num="369" count="18" type="stmt"/>
      <line num="370" count="18" type="cond" truecount="2" falsecount="0"/>
      <line num="371" count="1" type="stmt"/>
      <line num="373" count="17" type="stmt"/>
      <line num="377" count="67" type="cond" truecount="0" falsecount="1"/>
      <line num="378" count="0" type="stmt"/>
      <line num="379" count="0" type="cond" truecount="0" falsecount="2"/>
      <line num="380" count="0" type="stmt"/>
      <line num="382" count="0" type="stmt"/>
      <line num="386" count="67" type="cond" truecount="1" falsecount="0"/>
      <line num="387" count="1" type="stmt"/>
      <line num="390" count="67" type="cond" truecount="1" falsecount="0"/>
      <line num="391" count="66" type="stmt"/>
      <line num="392" count="66" type="cond" truecount="1" falsecount="0"/>
      <line num="393" count="65" type="stmt"/>
      <line num="394" count="65" type="cond" truecount="1" falsecount="0"/>
      <line num="395" count="6" type="stmt"/>
      <line num="396" count="6" type="stmt"/>
      <line num="398" count="65" type="stmt"/>
      <line num="405" count="66" type="stmt"/>
      <line num="408" count="66" type="cond" truecount="1" falsecount="0"/>
      <line num="410" count="64" type="cond" truecount="2" falsecount="0"/>
      <line num="413" count="64" type="cond" truecount="2" falsecount="0"/>
      <line num="416" count="64" type="cond" truecount="1" falsecount="0"/>
      <line num="417" count="64" type="cond" truecount="1" falsecount="0"/>
      <line num="418" count="63" type="stmt"/>
      <line num="423" count="66" type="cond" truecount="2" falsecount="0"/>
      <line num="425" count="66" type="cond" truecount="3" falsecount="0"/>
      <line num="426" count="64" type="stmt"/>
      <line num="427" count="0" type="stmt"/>
      <line num="428" count="0" type="stmt"/>
      <line num="430" count="64" type="stmt"/>
      <line num="431" count="26" type="stmt"/>
      <line num="432" count="26" type="stmt"/>
      <line num="434" count="64" type="stmt"/>
      <line num="435" count="0" type="stmt"/>
      <line num="436" count="0" type="stmt"/>
      <line num="438" count="64" type="stmt"/>
      <line num="439" count="0" type="stmt"/>
      <line num="440" count="0" type="stmt"/>
      <line num="442" count="64" type="stmt"/>
      <line num="443" count="0" type="stmt"/>
      <line num="444" count="0" type="stmt"/>
      <line num="451" count="4" type="stmt"/>
      <line num="454" count="2" type="stmt"/>
      <line num="455" count="2" type="stmt"/>
      <line num="458" count="2" type="stmt"/>
      <line num="459" count="2" type="stmt"/>
      <line num="460" count="2" type="stmt"/>
      <line num="461" count="2" type="stmt"/>
      <line num="462" count="2" type="stmt"/>
      <line num="466" count="0" type="stmt"/>
      <line num="478" count="0" type="stmt"/>
      <line num="482" count="0" type="stmt"/>
      <line num="486" count="0" type="stmt"/>
      <line num="490" count="65" type="stmt"/>
      <line num="491" count="65" type="cond" truecount="1" falsecount="0"/>
      <line num="492" count="65" type="stmt"/>
      <line num="496" count="64" type="stmt"/>
      <line num="500" count="67" type="stmt"/>
    </file>
    <file name="utils.ts" path="/home/aklinker1/Development/open-source/bugsnag-js-service-workers/lib/utils.ts">
      <metrics statements="35" coveredstatements="24" conditionals="16" coveredconditionals="8" methods="9" coveredmethods="8"/>
      <line num="1" count="67" type="stmt"/>
      <line num="2" count="0" type="stmt"/>
      <line num="3" count="0" type="cond" truecount="0" falsecount="1"/>
      <line num="4" count="0" type="stmt"/>
      <line num="6" count="0" type="cond" truecount="0" falsecount="1"/>
      <line num="7" count="0" type="stmt"/>
      <line num="9" count="0" type="cond" truecount="0" falsecount="1"/>
      <line num="10" count="0" type="stmt"/>
      <line num="12" count="0" type="cond" truecount="0" falsecount="2"/>
      <line num="15" count="67" type="stmt"/>
      <line num="16" count="26" type="stmt"/>
      <line num="18" count="26" type="cond" truecount="1" falsecount="1"/>
      <line num="19" count="0" type="stmt"/>
      <line num="20" count="26" type="cond" truecount="1" falsecount="1"/>
      <line num="21" count="0" type="stmt"/>
      <line num="22" count="26" type="cond" truecount="1" falsecount="1"/>
      <line num="23" count="0" type="stmt"/>
      <line num="25" count="26" type="stmt"/>
      <line num="31" count="67" type="stmt"/>
      <line num="32" count="67" type="stmt"/>
      <line num="34" count="67" type="stmt"/>
      <line num="35" count="6" type="stmt"/>
      <line num="36" count="6" type="stmt"/>
      <line num="37" count="60" type="stmt"/>
      <line num="39" count="6" type="stmt"/>
      <line num="42" count="67" type="stmt"/>
      <line num="43" count="81" type="cond" truecount="2" falsecount="0"/>
      <line num="44" count="4" type="stmt"/>
      <line num="45" count="79" type="cond" truecount="1" falsecount="0"/>
      <line num="46" count="73" type="stmt"/>
      <line num="48" count="20" type="stmt"/>
      <line num="49" count="14" type="cond" truecount="2" falsecount="0"/>
      <line num="52" count="14" type="stmt"/>
      <line num="53" count="14" type="stmt"/>
      <line num="56" count="6" type="stmt"/>
    </file>
  </project>
</coverage>
