{
  "/home/aklinker1/Development/open-source/bugsnag-js-service-workers/lib/BreadcrumbTrail.ts": {
    "path": "/home/aklinker1/Development/open-source/bugsnag-js-service-workers/lib/BreadcrumbTrail.ts",
    "statementMap": {
      "0": { "start": { "line": 4, "column": 30 }, "end": { "line": 4, "column": 32 } },
      "1": { "start": { "line": 6, "column": 24 }, "end": { "line": 6, "column": 26 } },
      "2": { "start": { "line": 7, "column": 15 }, "end": { "line": 7, "column": 49 } },
      "3": { "start": { "line": 10, "column": 4 }, "end": { "line": 10, "column": 35 } },
      "4": { "start": { "line": 13, "column": 4 }, "end": { "line": 15, "column": null } },
      "5": { "start": { "line": 14, "column": 6 }, "end": { "line": 14, "column": 42 } },
      "6": { "start": { "line": 19, "column": 4 }, "end": { "line": 19, "column": 32 } },
      "7": { "start": { "line": 23, "column": 4 }, "end": { "line": 25, "column": 69 } },
      "8": { "start": { "line": 25, "column": 22 }, "end": { "line": 25, "column": 67 } },
      "9": { "start": { "line": 3, "column": 0 }, "end": { "line": 3, "column": 13 } }
    },
    "fnMap": {
      "0": {
        "name": "(anonymous_0)",
        "decl": { "start": { "line": 9, "column": 2 }, "end": { "line": 9, "column": 5 } },
        "loc": { "start": { "line": 9, "column": 28 }, "end": { "line": 16, "column": 3 } }
      },
      "1": {
        "name": "(anonymous_1)",
        "decl": { "start": { "line": 18, "column": 2 }, "end": { "line": 18, "column": 14 } },
        "loc": { "start": { "line": 18, "column": 32 }, "end": { "line": 20, "column": 3 } }
      },
      "2": {
        "name": "(anonymous_2)",
        "decl": { "start": { "line": 22, "column": 2 }, "end": { "line": 22, "column": 16 } },
        "loc": { "start": { "line": 22, "column": 16 }, "end": { "line": 26, "column": 3 } }
      },
      "3": {
        "name": "(anonymous_3)",
        "decl": { "start": { "line": 25, "column": 12 }, "end": { "line": 25, "column": 13 } },
        "loc": { "start": { "line": 25, "column": 22 }, "end": { "line": 25, "column": 67 } }
      }
    },
    "branchMap": {
      "0": {
        "loc": { "start": { "line": 13, "column": 4 }, "end": { "line": 15, "column": null } },
        "type": "if",
        "locations": [
          { "start": { "line": 13, "column": 4 }, "end": { "line": 15, "column": null } }
        ]
      }
    },
    "s": {
      "0": 67,
      "1": 67,
      "2": 67,
      "3": 66,
      "4": 66,
      "5": 0,
      "6": 67,
      "7": 44,
      "8": 29,
      "9": 67
    },
    "f": { "0": 66, "1": 67, "2": 44, "3": 29 },
    "b": { "0": [0] }
  },
  "/home/aklinker1/Development/open-source/bugsnag-js-service-workers/lib/http.ts": {
    "path": "/home/aklinker1/Development/open-source/bugsnag-js-service-workers/lib/http.ts",
    "statementMap": {
      "0": { "start": { "line": 2, "column": 0 }, "end": { "line": 2, "column": 40 } },
      "1": { "start": { "line": 76, "column": 35 }, "end": { "line": 80, "column": 2 } },
      "2": { "start": { "line": 87, "column": 25 }, "end": { "line": 87, "column": 51 } },
      "3": { "start": { "line": 90, "column": 2 }, "end": { "line": 170, "column": null } },
      "4": { "start": { "line": 92, "column": 48 }, "end": { "line": 92, "column": 63 } },
      "5": { "start": { "line": 94, "column": 52 }, "end": { "line": 94, "column": 71 } },
      "6": { "start": { "line": 96, "column": 30 }, "end": { "line": 96, "column": 49 } },
      "7": { "start": { "line": 97, "column": 20 }, "end": { "line": 97, "column": 47 } },
      "8": { "start": { "line": 99, "column": 16 }, "end": { "line": 99, "column": 45 } },
      "9": { "start": { "line": 101, "column": 21 }, "end": { "line": 101, "column": 78 } },
      "10": { "start": { "line": 102, "column": 20 }, "end": { "line": 107, "column": 6 } },
      "11": { "start": { "line": 108, "column": 23 }, "end": { "line": 161, "column": 6 } },
      "12": { "start": { "line": 122, "column": 34 }, "end": { "line": 122, "column": 47 } },
      "13": { "start": { "line": 124, "column": 36 }, "end": { "line": 124, "column": 64 } },
      "14": { "start": { "line": 125, "column": 20 }, "end": { "line": 130, "column": 22 } },
      "15": { "start": { "line": 136, "column": 67 }, "end": { "line": 141, "column": 12 } },
      "16": { "start": { "line": 151, "column": 82 }, "end": { "line": 154, "column": 12 } },
      "17": { "start": { "line": 163, "column": 4 }, "end": { "line": 167, "column": 7 } },
      "18": { "start": { "line": 169, "column": 4 }, "end": { "line": 169, "column": 23 } },
      "19": { "start": { "line": 89, "column": 0 }, "end": { "line": 89, "column": 7 } },
      "20": { "start": { "line": 174, "column": 2 }, "end": { "line": 180, "column": null } },
      "21": { "start": { "line": 175, "column": 4 }, "end": { "line": 179, "column": 6 } },
      "22": { "start": { "line": 182, "column": 2 }, "end": { "line": 186, "column": null } },
      "23": { "start": { "line": 183, "column": 4 }, "end": { "line": 183, "column": 21 } },
      "24": { "start": { "line": 185, "column": 4 }, "end": { "line": 185, "column": 29 } },
      "25": { "start": { "line": 187, "column": 16 }, "end": { "line": 187, "column": 26 } },
      "26": { "start": { "line": 188, "column": 2 }, "end": { "line": 197, "column": 4 } },
      "27": { "start": { "line": 194, "column": 24 }, "end": { "line": 194, "column": 37 } }
    },
    "fnMap": {
      "0": {
        "name": "postEvent",
        "decl": { "start": { "line": 89, "column": 22 }, "end": { "line": 89, "column": 31 } },
        "loc": { "start": { "line": 89, "column": 88 }, "end": { "line": 171, "column": 1 } }
      },
      "1": {
        "name": "(anonymous_1)",
        "decl": { "start": { "line": 122, "column": 26 }, "end": { "line": 122, "column": 30 } },
        "loc": { "start": { "line": 122, "column": 34 }, "end": { "line": 122, "column": 47 } }
      },
      "2": {
        "name": "(anonymous_2)",
        "decl": { "start": { "line": 123, "column": 38 }, "end": { "line": 123, "column": 42 } },
        "loc": { "start": { "line": 123, "column": 45 }, "end": { "line": 131, "column": 19 } }
      },
      "3": {
        "name": "(anonymous_3)",
        "decl": { "start": { "line": 136, "column": 61 }, "end": { "line": 136, "column": 62 } },
        "loc": { "start": { "line": 136, "column": 67 }, "end": { "line": 141, "column": 12 } }
      },
      "4": {
        "name": "(anonymous_4)",
        "decl": { "start": { "line": 151, "column": 58 }, "end": { "line": 151, "column": 59 } },
        "loc": { "start": { "line": 151, "column": 82 }, "end": { "line": 154, "column": 12 } }
      },
      "5": {
        "name": "getError",
        "decl": { "start": { "line": 173, "column": 9 }, "end": { "line": 173, "column": 17 } },
        "loc": { "start": { "line": 173, "column": 33 }, "end": { "line": 198, "column": 1 } }
      },
      "6": {
        "name": "(anonymous_6)",
        "decl": { "start": { "line": 194, "column": 16 }, "end": { "line": 194, "column": 20 } },
        "loc": { "start": { "line": 194, "column": 24 }, "end": { "line": 194, "column": 37 } }
      }
    },
    "branchMap": {
      "0": {
        "loc": { "start": { "line": 101, "column": 21 }, "end": { "line": 101, "column": 78 } },
        "type": "binary-expr",
        "locations": [
          { "start": { "line": 101, "column": 21 }, "end": { "line": 101, "column": 45 } },
          { "start": { "line": 101, "column": 49 }, "end": { "line": 101, "column": 78 } }
        ]
      },
      "1": {
        "loc": { "start": { "line": 104, "column": 25 }, "end": { "line": 104, "column": 43 } },
        "type": "binary-expr",
        "locations": [
          { "start": { "line": 104, "column": 25 }, "end": { "line": 104, "column": 37 } },
          { "start": { "line": 104, "column": 41 }, "end": { "line": 104, "column": 43 } }
        ]
      },
      "2": {
        "loc": { "start": { "line": 109, "column": 14 }, "end": { "line": 109, "column": 32 } },
        "type": "binary-expr",
        "locations": [
          { "start": { "line": 109, "column": 14 }, "end": { "line": 109, "column": 26 } },
          { "start": { "line": 109, "column": 30 }, "end": { "line": 109, "column": 32 } }
        ]
      },
      "3": {
        "loc": { "start": { "line": 120, "column": 16 }, "end": { "line": 131, "column": 26 } },
        "type": "binary-expr",
        "locations": [
          { "start": { "line": 120, "column": 16 }, "end": { "line": 131, "column": 20 } },
          { "start": { "line": 131, "column": 24 }, "end": { "line": 131, "column": 26 } }
        ]
      },
      "4": {
        "loc": { "start": { "line": 126, "column": 30 }, "end": { "line": 126, "column": 52 } },
        "type": "binary-expr",
        "locations": [
          { "start": { "line": 126, "column": 30 }, "end": { "line": 126, "column": 40 } },
          { "start": { "line": 126, "column": 44 }, "end": { "line": 126, "column": 52 } }
        ]
      },
      "5": {
        "loc": { "start": { "line": 147, "column": 20 }, "end": { "line": 147, "column": 44 } },
        "type": "binary-expr",
        "locations": [
          { "start": { "line": 147, "column": 20 }, "end": { "line": 147, "column": 31 } },
          { "start": { "line": 147, "column": 35 }, "end": { "line": 147, "column": 44 } }
        ]
      },
      "6": {
        "loc": { "start": { "line": 149, "column": 28 }, "end": { "line": 149, "column": 57 } },
        "type": "binary-expr",
        "locations": [
          { "start": { "line": 149, "column": 28 }, "end": { "line": 149, "column": 44 } },
          { "start": { "line": 149, "column": 48 }, "end": { "line": 149, "column": 57 } }
        ]
      },
      "7": {
        "loc": { "start": { "line": 153, "column": 21 }, "end": { "line": 153, "column": 41 } },
        "type": "binary-expr",
        "locations": [
          { "start": { "line": 153, "column": 21 }, "end": { "line": 153, "column": 28 } },
          { "start": { "line": 153, "column": 32 }, "end": { "line": 153, "column": 41 } }
        ]
      },
      "8": {
        "loc": { "start": { "line": 174, "column": 2 }, "end": { "line": 180, "column": null } },
        "type": "if",
        "locations": [
          { "start": { "line": 174, "column": 2 }, "end": { "line": 180, "column": null } }
        ]
      },
      "9": {
        "loc": { "start": { "line": 178, "column": 13 }, "end": { "line": 178, "column": 35 } },
        "type": "binary-expr",
        "locations": [
          { "start": { "line": 178, "column": 13 }, "end": { "line": 178, "column": 29 } },
          { "start": { "line": 178, "column": 33 }, "end": { "line": 178, "column": 35 } }
        ]
      },
      "10": {
        "loc": { "start": { "line": 182, "column": 2 }, "end": { "line": 186, "column": null } },
        "type": "if",
        "locations": [
          { "start": { "line": 182, "column": 2 }, "end": { "line": 186, "column": null } },
          { "start": { "line": 184, "column": 9 }, "end": { "line": 186, "column": null } }
        ]
      },
      "11": {
        "loc": { "start": { "line": 192, "column": 6 }, "end": { "line": 196, "column": 25 } },
        "type": "binary-expr",
        "locations": [
          { "start": { "line": 192, "column": 6 }, "end": { "line": 196, "column": 19 } },
          { "start": { "line": 196, "column": 23 }, "end": { "line": 196, "column": 25 } }
        ]
      }
    },
    "s": {
      "0": 1,
      "1": 1,
      "2": 1,
      "3": 0,
      "4": 0,
      "5": 0,
      "6": 0,
      "7": 0,
      "8": 0,
      "9": 0,
      "10": 0,
      "11": 0,
      "12": 0,
      "13": 0,
      "14": 0,
      "15": 0,
      "16": 0,
      "17": 0,
      "18": 0,
      "19": 1,
      "20": 0,
      "21": 0,
      "22": 0,
      "23": 0,
      "24": 0,
      "25": 0,
      "26": 0,
      "27": 0
    },
    "f": { "0": 0, "1": 0, "2": 0, "3": 0, "4": 0, "5": 0, "6": 0 },
    "b": {
      "0": [0, 0],
      "1": [0, 0],
      "2": [0, 0],
      "3": [0, 0],
      "4": [0, 0],
      "5": [0, 0],
      "6": [0, 0],
      "7": [0, 0],
      "8": [0],
      "9": [0, 0],
      "10": [0, 0],
      "11": [0, 0]
    }
  },
  "/home/aklinker1/Development/open-source/bugsnag-js-service-workers/lib/index.ts": {
    "path": "/home/aklinker1/Development/open-source/bugsnag-js-service-workers/lib/index.ts",
    "statementMap": {
      "0": { "start": { "line": 1, "column": 0 }, "end": { "line": 1, "column": null } },
      "1": { "start": { "line": 16, "column": 0 }, "end": { "line": 16, "column": 52 } },
      "2": { "start": { "line": 18, "column": 0 }, "end": { "line": 18, "column": 35 } },
      "3": { "start": { "line": 19, "column": 0 }, "end": { "line": 19, "column": 86 } },
      "4": { "start": { "line": 22, "column": 15 }, "end": { "line": 22, "column": 25 } },
      "5": { "start": { "line": 23, "column": 10 }, "end": { "line": 23, "column": 15 } },
      "6": { "start": { "line": 24, "column": 12 }, "end": { "line": 24, "column": 19 } },
      "7": { "start": { "line": 26, "column": 20 }, "end": { "line": 26, "column": 22 } },
      "8": { "start": { "line": 29, "column": 42 }, "end": { "line": 29, "column": 44 } },
      "9": { "start": { "line": 30, "column": 11 }, "end": { "line": 30, "column": 32 } },
      "10": { "start": { "line": 31, "column": 33 }, "end": { "line": 31, "column": 35 } },
      "11": { "start": { "line": 32, "column": 22 }, "end": { "line": 32, "column": 48 } },
      "12": { "start": { "line": 33, "column": 24 }, "end": { "line": 33, "column": 52 } },
      "13": { "start": { "line": 34, "column": 27 }, "end": { "line": 34, "column": 58 } },
      "14": { "start": { "line": 35, "column": 15 }, "end": { "line": 35, "column": 29 } },
      "15": { "start": { "line": 41, "column": 4 }, "end": { "line": 43, "column": null } },
      "16": { "start": { "line": 42, "column": 6 }, "end": { "line": 42, "column": 76 } },
      "17": { "start": { "line": 44, "column": 4 }, "end": { "line": 44, "column": 34 } },
      "18": { "start": { "line": 45, "column": 4 }, "end": { "line": 45, "column": 20 } },
      "19": { "start": { "line": 46, "column": 4 }, "end": { "line": 46, "column": 24 } },
      "20": { "start": { "line": 47, "column": 4 }, "end": { "line": 47, "column": 16 } },
      "21": { "start": { "line": 50, "column": 4 }, "end": { "line": 50, "column": 34 } },
      "22": { "start": { "line": 51, "column": 4 }, "end": { "line": 51, "column": 20 } },
      "23": { "start": { "line": 52, "column": 4 }, "end": { "line": 52, "column": 16 } },
      "24": { "start": { "line": 62, "column": 18 }, "end": { "line": 72, "column": null } },
      "25": { "start": { "line": 74, "column": 4 }, "end": { "line": 74, "column": 37 } },
      "26": { "start": { "line": 82, "column": 4 }, "end": { "line": 85, "column": null } },
      "27": { "start": { "line": 83, "column": 6 }, "end": { "line": 83, "column": 74 } },
      "28": { "start": { "line": 84, "column": 6 }, "end": { "line": 84, "column": 13 } },
      "29": { "start": { "line": 86, "column": 4 }, "end": { "line": 90, "column": 13 } },
      "30": { "start": { "line": 90, "column": 6 }, "end": { "line": 90, "column": 13 } },
      "31": { "start": { "line": 92, "column": 4 }, "end": { "line": 94, "column": 7 } },
      "32": { "start": { "line": 93, "column": 6 }, "end": { "line": 93, "column": 92 } },
      "33": { "start": { "line": 95, "column": 4 }, "end": { "line": 95, "column": 46 } },
      "34": { "start": { "line": 96, "column": 4 }, "end": { "line": 97, "column": 94 } },
      "35": { "start": { "line": 97, "column": 6 }, "end": { "line": 97, "column": 94 } },
      "36": { "start": { "line": 98, "column": 4 }, "end": { "line": 98, "column": 39 } },
      "37": { "start": { "line": 99, "column": 4 }, "end": { "line": 104, "column": 6 } },
      "38": { "start": { "line": 105, "column": 4 }, "end": { "line": 105, "column": 53 } },
      "39": { "start": { "line": 106, "column": 4 }, "end": { "line": 106, "column": 41 } },
      "40": { "start": { "line": 110, "column": 22 }, "end": { "line": 133, "column": 5 } },
      "41": { "start": { "line": 111, "column": 24 }, "end": { "line": 111, "column": 64 } },
      "42": { "start": { "line": 112, "column": 6 }, "end": { "line": 112, "column": 43 } },
      "43": { "start": { "line": 112, "column": 19 }, "end": { "line": 112, "column": 43 } },
      "44": { "start": { "line": 115, "column": 39 }, "end": { "line": 115, "column": 43 } },
      "45": { "start": { "line": 116, "column": 27 }, "end": { "line": 120, "column": 7 } },
      "46": { "start": { "line": 117, "column": 8 }, "end": { "line": 119, "column": null } },
      "47": { "start": { "line": 118, "column": 10 }, "end": { "line": 118, "column": 43 } },
      "48": { "start": { "line": 121, "column": 6 }, "end": { "line": 129, "column": null } },
      "49": { "start": { "line": 122, "column": 8 }, "end": { "line": 128, "column": null } },
      "50": { "start": { "line": 123, "column": 20 }, "end": { "line": 123, "column": 43 } },
      "51": { "start": { "line": 124, "column": 10 }, "end": { "line": 126, "column": null } },
      "52": { "start": { "line": 125, "column": 12 }, "end": { "line": 125, "column": 28 } },
      "53": { "start": { "line": 127, "column": 10 }, "end": { "line": 127, "column": 51 } },
      "54": { "start": { "line": 130, "column": 6 }, "end": { "line": 130, "column": 30 } },
      "55": { "start": { "line": 130, "column": 23 }, "end": { "line": 130, "column": 30 } },
      "56": { "start": { "line": 132, "column": 6 }, "end": { "line": 132, "column": 78 } },
      "57": { "start": { "line": 134, "column": 4 }, "end": { "line": 134, "column": 47 } },
      "58": { "start": { "line": 134, "column": 29 }, "end": { "line": 134, "column": 45 } },
      "59": { "start": { "line": 144, "column": 4 }, "end": { "line": 144, "column": 19 } },
      "60": { "start": { "line": 145, "column": 4 }, "end": { "line": 150, "column": null } },
      "61": { "start": { "line": 149, "column": 6 }, "end": { "line": 149, "column": 13 } },
      "62": { "start": { "line": 151, "column": 23 }, "end": { "line": 151, "column": 39 } },
      "63": { "start": { "line": 152, "column": 4 }, "end": { "line": 152, "column": 33 } },
      "64": { "start": { "line": 153, "column": 4 }, "end": { "line": 153, "column": 41 } },
      "65": { "start": { "line": 154, "column": 4 }, "end": { "line": 154, "column": 27 } },
      "66": { "start": { "line": 156, "column": 22 }, "end": { "line": 156, "column": 67 } },
      "67": { "start": { "line": 157, "column": 34 }, "end": { "line": 161, "column": null } },
      "68": { "start": { "line": 160, "column": 8 }, "end": { "line": 160, "column": 40 } },
      "69": { "start": { "line": 163, "column": 4 }, "end": { "line": 163, "column": 39 } },
      "70": { "start": { "line": 163, "column": 32 }, "end": { "line": 163, "column": 39 } },
      "71": { "start": { "line": 165, "column": 4 }, "end": { "line": 165, "column": 32 } },
      "72": { "start": { "line": 176, "column": 4 }, "end": { "line": 176, "column": 35 } },
      "73": { "start": { "line": 177, "column": 4 }, "end": { "line": 185, "column": null } },
      "74": { "start": { "line": 178, "column": 27 }, "end": { "line": 178, "column": 31 } },
      "75": { "start": { "line": 179, "column": 6 }, "end": { "line": 179, "column": 43 } },
      "76": { "start": { "line": 181, "column": 23 }, "end": { "line": 181, "column": 27 } },
      "77": { "start": { "line": 182, "column": 6 }, "end": { "line": 184, "column": 9 } },
      "78": { "start": { "line": 183, "column": 8 }, "end": { "line": 183, "column": 45 } },
      "79": { "start": { "line": 189, "column": 4 }, "end": { "line": 191, "column": null } },
      "80": { "start": { "line": 190, "column": 6 }, "end": { "line": 190, "column": 59 } },
      "81": { "start": { "line": 192, "column": 4 }, "end": { "line": 192, "column": 50 } },
      "82": { "start": { "line": 197, "column": 4 }, "end": { "line": 197, "column": 48 } },
      "83": { "start": { "line": 197, "column": 41 }, "end": { "line": 197, "column": 48 } },
      "84": { "start": { "line": 199, "column": 4 }, "end": { "line": 203, "column": null } },
      "85": { "start": { "line": 200, "column": 6 }, "end": { "line": 200, "column": 44 } },
      "86": { "start": { "line": 202, "column": 6 }, "end": { "line": 202, "column": 37 } },
      "87": { "start": { "line": 209, "column": 4 }, "end": { "line": 209, "column": 47 } },
      "88": { "start": { "line": 213, "column": 4 }, "end": { "line": 213, "column": 45 } },
      "89": { "start": { "line": 217, "column": 18 }, "end": { "line": 217, "column": 69 } },
      "90": { "start": { "line": 217, "column": 53 }, "end": { "line": 217, "column": 68 } },
      "91": { "start": { "line": 218, "column": 4 }, "end": { "line": 220, "column": null } },
      "92": { "start": { "line": 219, "column": 6 }, "end": { "line": 219, "column": 42 } },
      "93": { "start": { "line": 224, "column": 4 }, "end": { "line": 224, "column": 28 } },
      "94": { "start": { "line": 230, "column": 4 }, "end": { "line": 230, "column": 32 } },
      "95": { "start": { "line": 234, "column": 4 }, "end": { "line": 234, "column": 29 } },
      "96": { "start": { "line": 240, "column": 4 }, "end": { "line": 240, "column": 50 } },
      "97": { "start": { "line": 244, "column": 4 }, "end": { "line": 244, "column": 29 } },
      "98": { "start": { "line": 245, "column": 4 }, "end": { "line": 245, "column": 30 } },
      "99": { "start": { "line": 246, "column": 4 }, "end": { "line": 246, "column": 36 } },
      "100": { "start": { "line": 247, "column": 4 }, "end": { "line": 247, "column": 34 } },
      "101": { "start": { "line": 253, "column": 20 }, "end": { "line": 253, "column": 41 } },
      "102": { "start": { "line": 255, "column": 22 }, "end": { "line": 255, "column": 64 } },
      "103": { "start": { "line": 256, "column": 24 }, "end": { "line": 260, "column": null } },
      "104": { "start": { "line": 259, "column": 8 }, "end": { "line": 259, "column": 37 } },
      "105": { "start": { "line": 262, "column": 4 }, "end": { "line": 262, "column": 34 } },
      "106": { "start": { "line": 262, "column": 22 }, "end": { "line": 262, "column": 34 } },
      "107": { "start": { "line": 264, "column": 4 }, "end": { "line": 264, "column": 28 } },
      "108": { "start": { "line": 265, "column": 4 }, "end": { "line": 265, "column": 36 } },
      "109": { "start": { "line": 266, "column": 4 }, "end": { "line": 266, "column": 24 } },
      "110": { "start": { "line": 267, "column": 4 }, "end": { "line": 267, "column": 16 } },
      "111": { "start": { "line": 271, "column": 4 }, "end": { "line": 271, "column": 40 } },
      "112": { "start": { "line": 272, "column": 4 }, "end": { "line": 272, "column": 30 } },
      "113": { "start": { "line": 273, "column": 4 }, "end": { "line": 273, "column": 19 } },
      "114": { "start": { "line": 274, "column": 4 }, "end": { "line": 274, "column": 16 } },
      "115": { "start": { "line": 279, "column": 4 }, "end": { "line": 279, "column": 49 } },
      "116": { "start": { "line": 279, "column": 37 }, "end": { "line": 279, "column": 49 } },
      "117": { "start": { "line": 281, "column": 4 }, "end": { "line": 281, "column": 40 } },
      "118": { "start": { "line": 282, "column": 4 }, "end": { "line": 282, "column": 36 } },
      "119": { "start": { "line": 283, "column": 4 }, "end": { "line": 283, "column": 24 } },
      "120": { "start": { "line": 284, "column": 4 }, "end": { "line": 284, "column": 16 } },
      "121": { "start": { "line": 290, "column": 4 }, "end": { "line": 290, "column": 35 } },
      "122": { "start": { "line": 294, "column": 4 }, "end": { "line": 294, "column": 38 } },
      "123": { "start": { "line": 298, "column": 4 }, "end": { "line": 298, "column": 37 } },
      "124": { "start": { "line": 302, "column": 4 }, "end": { "line": 302, "column": 40 } },
      "125": { "start": { "line": 306, "column": 4 }, "end": { "line": 306, "column": 40 } },
      "126": { "start": { "line": 310, "column": 4 }, "end": { "line": 310, "column": 43 } },
      "127": { "start": { "line": 316, "column": 4 }, "end": { "line": 316, "column": 60 } },
      "128": { "start": { "line": 316, "column": 43 }, "end": { "line": 316, "column": 58 } },
      "129": { "start": { "line": 320, "column": 20 }, "end": { "line": 320, "column": 56 } },
      "130": { "start": { "line": 322, "column": 4 }, "end": { "line": 322, "column": 25 } },
      "131": { "start": { "line": 324, "column": 4 }, "end": { "line": 324, "column": 27 } },
      "132": { "start": { "line": 330, "column": 4 }, "end": { "line": 334, "column": null } },
      "133": { "start": { "line": 331, "column": 6 }, "end": { "line": 331, "column": 46 } },
      "134": { "start": { "line": 333, "column": 6 }, "end": { "line": 333, "column": 41 } },
      "135": { "start": { "line": 335, "column": 4 }, "end": { "line": 335, "column": 92 } },
      "136": { "start": { "line": 336, "column": 4 }, "end": { "line": 351, "column": 18 } },
      "137": { "start": { "line": 339, "column": 12 }, "end": { "line": 339, "column": 56 } },
      "138": { "start": { "line": 342, "column": 12 }, "end": { "line": 342, "column": 55 } },
      "139": { "start": { "line": 345, "column": 12 }, "end": { "line": 345, "column": 55 } },
      "140": { "start": { "line": 348, "column": 12 }, "end": { "line": 348, "column": 56 } },
      "141": { "start": { "line": 355, "column": 4 }, "end": { "line": 355, "column": 64 } },
      "142": { "start": { "line": 357, "column": 4 }, "end": { "line": 357, "column": 98 } },
      "143": { "start": { "line": 359, "column": 4 }, "end": { "line": 366, "column": null } },
      "144": { "start": { "line": 360, "column": 6 }, "end": { "line": 360, "column": 46 } },
      "145": { "start": { "line": 361, "column": 6 }, "end": { "line": 365, "column": null } },
      "146": { "start": { "line": 362, "column": 8 }, "end": { "line": 362, "column": 75 } },
      "147": { "start": { "line": 364, "column": 8 }, "end": { "line": 364, "column": 56 } },
      "148": { "start": { "line": 368, "column": 4 }, "end": { "line": 375, "column": null } },
      "149": { "start": { "line": 369, "column": 6 }, "end": { "line": 369, "column": 41 } },
      "150": { "start": { "line": 370, "column": 6 }, "end": { "line": 374, "column": null } },
      "151": { "start": { "line": 371, "column": 8 }, "end": { "line": 371, "column": 65 } },
      "152": { "start": { "line": 373, "column": 8 }, "end": { "line": 373, "column": 46 } },
      "153": { "start": { "line": 377, "column": 4 }, "end": { "line": 384, "column": null } },
      "154": { "start": { "line": 378, "column": 6 }, "end": { "line": 378, "column": 43 } },
      "155": { "start": { "line": 379, "column": 6 }, "end": { "line": 383, "column": null } },
      "156": { "start": { "line": 380, "column": 8 }, "end": { "line": 380, "column": 69 } },
      "157": { "start": { "line": 382, "column": 8 }, "end": { "line": 382, "column": 50 } },
      "158": { "start": { "line": 386, "column": 4 }, "end": { "line": 388, "column": null } },
      "159": { "start": { "line": 387, "column": 6 }, "end": { "line": 387, "column": 53 } },
      "160": { "start": { "line": 390, "column": 4 }, "end": { "line": 400, "column": null } },
      "161": { "start": { "line": 391, "column": 6 }, "end": { "line": 391, "column": 31 } },
      "162": { "start": { "line": 392, "column": 6 }, "end": { "line": 399, "column": null } },
      "163": { "start": { "line": 393, "column": 29 }, "end": { "line": 393, "column": 68 } },
      "164": { "start": { "line": 394, "column": 8 }, "end": { "line": 397, "column": null } },
      "165": { "start": { "line": 395, "column": 10 }, "end": { "line": 395, "column": 53 } },
      "166": { "start": { "line": 396, "column": 10 }, "end": { "line": 396, "column": 66 } },
      "167": { "start": { "line": 398, "column": 8 }, "end": { "line": 398, "column": 46 } },
      "168": { "start": { "line": 405, "column": 4 }, "end": { "line": 405, "column": 63 } },
      "169": { "start": { "line": 405, "column": 44 }, "end": { "line": 405, "column": 61 } },
      "170": { "start": { "line": 408, "column": 4 }, "end": { "line": 419, "column": null } },
      "171": { "start": { "line": 410, "column": 8 }, "end": { "line": 411, "column": 68 } },
      "172": { "start": { "line": 413, "column": 8 }, "end": { "line": 414, "column": 68 } },
      "173": { "start": { "line": 416, "column": 6 }, "end": { "line": 416, "column": 84 } },
      "174": { "start": { "line": 416, "column": 38 }, "end": { "line": 416, "column": 84 } },
      "175": { "start": { "line": 417, "column": 6 }, "end": { "line": 418, "column": 80 } },
      "176": { "start": { "line": 418, "column": 8 }, "end": { "line": 418, "column": 80 } },
      "177": { "start": { "line": 423, "column": 6 }, "end": { "line": 424, "column": 57 } },
      "178": { "start": { "line": 425, "column": 4 }, "end": { "line": 446, "column": null } },
      "179": { "start": { "line": 426, "column": 6 }, "end": { "line": 429, "column": 8 } },
      "180": { "start": { "line": 427, "column": 8 }, "end": { "line": 427, "column": 73 } },
      "181": { "start": { "line": 428, "column": 8 }, "end": { "line": 428, "column": 39 } },
      "182": { "start": { "line": 430, "column": 6 }, "end": { "line": 433, "column": 8 } },
      "183": { "start": { "line": 431, "column": 8 }, "end": { "line": 431, "column": 73 } },
      "184": { "start": { "line": 432, "column": 8 }, "end": { "line": 432, "column": 37 } },
      "185": { "start": { "line": 434, "column": 6 }, "end": { "line": 437, "column": 8 } },
      "186": { "start": { "line": 435, "column": 8 }, "end": { "line": 435, "column": 73 } },
      "187": { "start": { "line": 436, "column": 8 }, "end": { "line": 436, "column": 38 } },
      "188": { "start": { "line": 438, "column": 6 }, "end": { "line": 441, "column": 8 } },
      "189": { "start": { "line": 439, "column": 8 }, "end": { "line": 439, "column": 73 } },
      "190": { "start": { "line": 440, "column": 8 }, "end": { "line": 440, "column": 38 } },
      "191": { "start": { "line": 442, "column": 6 }, "end": { "line": 445, "column": 8 } },
      "192": { "start": { "line": 443, "column": 8 }, "end": { "line": 443, "column": 73 } },
      "193": { "start": { "line": 444, "column": 8 }, "end": { "line": 444, "column": 39 } },
      "194": { "start": { "line": 451, "column": 4 }, "end": { "line": 451, "column": 64 } },
      "195": { "start": { "line": 451, "column": 44 }, "end": { "line": 451, "column": 62 } },
      "196": { "start": { "line": 454, "column": 4 }, "end": { "line": 454, "column": 53 } },
      "197": { "start": { "line": 455, "column": 4 }, "end": { "line": 455, "column": 79 } },
      "198": { "start": { "line": 458, "column": 4 }, "end": { "line": 458, "column": 42 } },
      "199": { "start": { "line": 459, "column": 4 }, "end": { "line": 459, "column": 38 } },
      "200": { "start": { "line": 460, "column": 4 }, "end": { "line": 460, "column": 40 } },
      "201": { "start": { "line": 461, "column": 4 }, "end": { "line": 461, "column": 40 } },
      "202": { "start": { "line": 462, "column": 4 }, "end": { "line": 462, "column": 42 } },
      "203": { "start": { "line": 466, "column": 18 }, "end": { "line": 476, "column": null } },
      "204": { "start": { "line": 478, "column": 4 }, "end": { "line": 478, "column": 24 } },
      "205": { "start": { "line": 482, "column": 4 }, "end": { "line": 482, "column": 69 } },
      "206": { "start": { "line": 486, "column": 4 }, "end": { "line": 486, "column": 96 } },
      "207": { "start": { "line": 490, "column": 14 }, "end": { "line": 490, "column": 27 } },
      "208": { "start": { "line": 491, "column": 4 }, "end": { "line": 491, "column": 73 } },
      "209": { "start": { "line": 491, "column": 27 }, "end": { "line": 491, "column": 73 } },
      "210": { "start": { "line": 492, "column": 4 }, "end": { "line": 492, "column": 13 } },
      "211": { "start": { "line": 496, "column": 4 }, "end": { "line": 496, "column": 52 } },
      "212": { "start": { "line": 500, "column": 0 }, "end": { "line": 500, "column": 28 } }
    },
    "fnMap": {
      "0": {
        "name": "(anonymous_0)",
        "decl": { "start": { "line": 40, "column": 2 }, "end": { "line": 40, "column": 7 } },
        "loc": { "start": { "line": 40, "column": 37 }, "end": { "line": 48, "column": 3 } }
      },
      "1": {
        "name": "(anonymous_1)",
        "decl": { "start": { "line": 49, "column": 2 }, "end": { "line": 49, "column": 14 } },
        "loc": { "start": { "line": 49, "column": 44 }, "end": { "line": 53, "column": 3 } }
      },
      "2": {
        "name": "(anonymous_2)",
        "decl": { "start": { "line": 57, "column": 9 }, "end": { "line": 57, "column": 15 } },
        "loc": { "start": { "line": 60, "column": 41 }, "end": { "line": 75, "column": 3 } }
      },
      "3": {
        "name": "(anonymous_3)",
        "decl": { "start": { "line": 77, "column": 9 }, "end": { "line": 77, "column": 16 } },
        "loc": { "start": { "line": 80, "column": 41 }, "end": { "line": 135, "column": 3 } }
      },
      "4": {
        "name": "(anonymous_4)",
        "decl": { "start": { "line": 92, "column": 43 }, "end": { "line": 92, "column": 44 } },
        "loc": { "start": { "line": 92, "column": 67 }, "end": { "line": 94, "column": 5 } }
      },
      "5": {
        "name": "(anonymous_5)",
        "decl": { "start": { "line": 110, "column": 22 }, "end": { "line": 110, "column": 27 } },
        "loc": { "start": { "line": 110, "column": 33 }, "end": { "line": 133, "column": 5 } }
      },
      "6": {
        "name": "(anonymous_6)",
        "decl": { "start": { "line": 116, "column": 27 }, "end": { "line": 116, "column": 28 } },
        "loc": { "start": { "line": 116, "column": 76 }, "end": { "line": 120, "column": 7 } }
      },
      "7": {
        "name": "(anonymous_7)",
        "decl": { "start": { "line": 134, "column": 22 }, "end": { "line": 134, "column": 25 } },
        "loc": { "start": { "line": 134, "column": 29 }, "end": { "line": 134, "column": 45 } }
      },
      "8": {
        "name": "(anonymous_8)",
        "decl": { "start": { "line": 139, "column": 9 }, "end": { "line": 139, "column": 24 } },
        "loc": { "start": { "line": 142, "column": 25 }, "end": { "line": 166, "column": 3 } }
      },
      "9": {
        "name": "(anonymous_9)",
        "decl": { "start": { "line": 158, "column": 6 }, "end": { "line": 158, "column": 7 } },
        "loc": { "start": { "line": 160, "column": 8 }, "end": { "line": 160, "column": 40 } }
      },
      "10": {
        "name": "(anonymous_10)",
        "decl": { "start": { "line": 172, "column": 9 }, "end": { "line": 172, "column": 20 } },
        "loc": { "start": { "line": 174, "column": 73 }, "end": { "line": 186, "column": 3 } }
      },
      "11": {
        "name": "(anonymous_11)",
        "decl": { "start": { "line": 182, "column": 37 }, "end": { "line": 182, "column": 38 } },
        "loc": { "start": { "line": 182, "column": 54 }, "end": { "line": 184, "column": 7 } }
      },
      "12": {
        "name": "(anonymous_12)",
        "decl": { "start": { "line": 188, "column": 9 }, "end": { "line": 188, "column": 20 } },
        "loc": { "start": { "line": 188, "column": 50 }, "end": { "line": 193, "column": 3 } }
      },
      "13": {
        "name": "(anonymous_13)",
        "decl": { "start": { "line": 195, "column": 9 }, "end": { "line": 195, "column": 22 } },
        "loc": { "start": { "line": 195, "column": 52 }, "end": { "line": 204, "column": 3 } }
      },
      "14": {
        "name": "(anonymous_14)",
        "decl": { "start": { "line": 208, "column": 9 }, "end": { "line": 208, "column": 23 } },
        "loc": { "start": { "line": 208, "column": 61 }, "end": { "line": 210, "column": 3 } }
      },
      "15": {
        "name": "(anonymous_15)",
        "decl": { "start": { "line": 212, "column": 9 }, "end": { "line": 212, "column": 24 } },
        "loc": { "start": { "line": 212, "column": 52 }, "end": { "line": 214, "column": 3 } }
      },
      "16": {
        "name": "(anonymous_16)",
        "decl": { "start": { "line": 216, "column": 9 }, "end": { "line": 216, "column": 25 } },
        "loc": { "start": { "line": 216, "column": 38 }, "end": { "line": 221, "column": 3 } }
      },
      "17": {
        "name": "(anonymous_17)",
        "decl": { "start": { "line": 217, "column": 47 }, "end": { "line": 217, "column": 49 } },
        "loc": { "start": { "line": 217, "column": 53 }, "end": { "line": 217, "column": 68 } }
      },
      "18": {
        "name": "(anonymous_18)",
        "decl": { "start": { "line": 223, "column": 9 }, "end": { "line": 223, "column": 26 } },
        "loc": { "start": { "line": 223, "column": 26 }, "end": { "line": 225, "column": 3 } }
      },
      "19": {
        "name": "(anonymous_19)",
        "decl": { "start": { "line": 229, "column": 9 }, "end": { "line": 229, "column": 19 } },
        "loc": { "start": { "line": 229, "column": 19 }, "end": { "line": 231, "column": 3 } }
      },
      "20": {
        "name": "(anonymous_20)",
        "decl": { "start": { "line": 233, "column": 9 }, "end": { "line": 233, "column": 19 } },
        "loc": { "start": { "line": 233, "column": 29 }, "end": { "line": 235, "column": 3 } }
      },
      "21": {
        "name": "(anonymous_21)",
        "decl": { "start": { "line": 239, "column": 9 }, "end": { "line": 239, "column": 16 } },
        "loc": { "start": { "line": 239, "column": 16 }, "end": { "line": 241, "column": 3 } }
      },
      "22": {
        "name": "(anonymous_22)",
        "decl": { "start": { "line": 243, "column": 9 }, "end": { "line": 243, "column": 16 } },
        "loc": { "start": { "line": 243, "column": 59 }, "end": { "line": 248, "column": 3 } }
      },
      "23": {
        "name": "(anonymous_23)",
        "decl": { "start": { "line": 252, "column": 2 }, "end": { "line": 252, "column": 14 } },
        "loc": { "start": { "line": 252, "column": 14 }, "end": { "line": 268, "column": 3 } }
      },
      "24": {
        "name": "(anonymous_24)",
        "decl": { "start": { "line": 257, "column": 6 }, "end": { "line": 257, "column": 7 } },
        "loc": { "start": { "line": 259, "column": 8 }, "end": { "line": 259, "column": 37 } }
      },
      "25": {
        "name": "(anonymous_25)",
        "decl": { "start": { "line": 270, "column": 2 }, "end": { "line": 270, "column": 14 } },
        "loc": { "start": { "line": 270, "column": 14 }, "end": { "line": 275, "column": 3 } }
      },
      "26": {
        "name": "(anonymous_26)",
        "decl": { "start": { "line": 277, "column": 2 }, "end": { "line": 277, "column": 15 } },
        "loc": { "start": { "line": 277, "column": 15 }, "end": { "line": 285, "column": 3 } }
      },
      "27": {
        "name": "(anonymous_27)",
        "decl": { "start": { "line": 289, "column": 9 }, "end": { "line": 289, "column": 19 } },
        "loc": { "start": { "line": 289, "column": 39 }, "end": { "line": 291, "column": 3 } }
      },
      "28": {
        "name": "(anonymous_28)",
        "decl": { "start": { "line": 293, "column": 9 }, "end": { "line": 293, "column": 22 } },
        "loc": { "start": { "line": 293, "column": 42 }, "end": { "line": 295, "column": 3 } }
      },
      "29": {
        "name": "(anonymous_29)",
        "decl": { "start": { "line": 297, "column": 9 }, "end": { "line": 297, "column": 21 } },
        "loc": { "start": { "line": 297, "column": 43 }, "end": { "line": 299, "column": 3 } }
      },
      "30": {
        "name": "(anonymous_30)",
        "decl": { "start": { "line": 301, "column": 9 }, "end": { "line": 301, "column": 24 } },
        "loc": { "start": { "line": 301, "column": 46 }, "end": { "line": 303, "column": 3 } }
      },
      "31": {
        "name": "(anonymous_31)",
        "decl": { "start": { "line": 305, "column": 9 }, "end": { "line": 305, "column": 24 } },
        "loc": { "start": { "line": 305, "column": 49 }, "end": { "line": 307, "column": 3 } }
      },
      "32": {
        "name": "(anonymous_32)",
        "decl": { "start": { "line": 309, "column": 9 }, "end": { "line": 309, "column": 27 } },
        "loc": { "start": { "line": 309, "column": 52 }, "end": { "line": 311, "column": 3 } }
      },
      "33": {
        "name": "(anonymous_33)",
        "decl": { "start": { "line": 315, "column": 9 }, "end": { "line": 315, "column": 18 } },
        "loc": { "start": { "line": 315, "column": 31 }, "end": { "line": 317, "column": 3 } }
      },
      "34": {
        "name": "(anonymous_34)",
        "decl": { "start": { "line": 316, "column": 38 }, "end": { "line": 316, "column": 39 } },
        "loc": { "start": { "line": 316, "column": 43 }, "end": { "line": 316, "column": 58 } }
      },
      "35": {
        "name": "(anonymous_35)",
        "decl": { "start": { "line": 319, "column": 9 }, "end": { "line": 319, "column": 24 } },
        "loc": { "start": { "line": 319, "column": 24 }, "end": { "line": 325, "column": 3 } }
      },
      "36": {
        "name": "(anonymous_36)",
        "decl": { "start": { "line": 338, "column": 17 }, "end": { "line": 338, "column": 18 } },
        "loc": { "start": { "line": 338, "column": 29 }, "end": { "line": 340, "column": 11 } }
      },
      "37": {
        "name": "(anonymous_37)",
        "decl": { "start": { "line": 341, "column": 16 }, "end": { "line": 341, "column": 17 } },
        "loc": { "start": { "line": 341, "column": 28 }, "end": { "line": 343, "column": 11 } }
      },
      "38": {
        "name": "(anonymous_38)",
        "decl": { "start": { "line": 344, "column": 16 }, "end": { "line": 344, "column": 17 } },
        "loc": { "start": { "line": 344, "column": 28 }, "end": { "line": 346, "column": 11 } }
      },
      "39": {
        "name": "(anonymous_39)",
        "decl": { "start": { "line": 347, "column": 17 }, "end": { "line": 347, "column": 18 } },
        "loc": { "start": { "line": 347, "column": 29 }, "end": { "line": 349, "column": 11 } }
      },
      "40": {
        "name": "(anonymous_40)",
        "decl": { "start": { "line": 405, "column": 34 }, "end": { "line": 405, "column": 40 } },
        "loc": { "start": { "line": 405, "column": 44 }, "end": { "line": 405, "column": 61 } }
      },
      "41": {
        "name": "(anonymous_41)",
        "decl": { "start": { "line": 426, "column": 22 }, "end": { "line": 426, "column": 23 } },
        "loc": { "start": { "line": 426, "column": 41 }, "end": { "line": 429, "column": 7 } }
      },
      "42": {
        "name": "(anonymous_42)",
        "decl": { "start": { "line": 430, "column": 20 }, "end": { "line": 430, "column": 21 } },
        "loc": { "start": { "line": 430, "column": 39 }, "end": { "line": 433, "column": 7 } }
      },
      "43": {
        "name": "(anonymous_43)",
        "decl": { "start": { "line": 434, "column": 21 }, "end": { "line": 434, "column": 22 } },
        "loc": { "start": { "line": 434, "column": 40 }, "end": { "line": 437, "column": 7 } }
      },
      "44": {
        "name": "(anonymous_44)",
        "decl": { "start": { "line": 438, "column": 21 }, "end": { "line": 438, "column": 22 } },
        "loc": { "start": { "line": 438, "column": 40 }, "end": { "line": 441, "column": 7 } }
      },
      "45": {
        "name": "(anonymous_45)",
        "decl": { "start": { "line": 442, "column": 22 }, "end": { "line": 442, "column": 23 } },
        "loc": { "start": { "line": 442, "column": 41 }, "end": { "line": 445, "column": 7 } }
      },
      "46": {
        "name": "(anonymous_46)",
        "decl": { "start": { "line": 451, "column": 34 }, "end": { "line": 451, "column": 40 } },
        "loc": { "start": { "line": 451, "column": 44 }, "end": { "line": 451, "column": 62 } }
      }
    },
    "branchMap": {
      "0": {
        "loc": { "start": { "line": 41, "column": 4 }, "end": { "line": 43, "column": null } },
        "type": "if",
        "locations": [
          { "start": { "line": 41, "column": 4 }, "end": { "line": 43, "column": null } }
        ]
      },
      "1": {
        "loc": { "start": { "line": 72, "column": 6 }, "end": { "line": 72, "column": 38 } },
        "type": "binary-expr",
        "locations": [
          { "start": { "line": 72, "column": 6 }, "end": { "line": 72, "column": 25 } },
          { "start": { "line": 72, "column": 29 }, "end": { "line": 72, "column": 38 } }
        ]
      },
      "2": {
        "loc": { "start": { "line": 82, "column": 4 }, "end": { "line": 85, "column": null } },
        "type": "if",
        "locations": [
          { "start": { "line": 82, "column": 4 }, "end": { "line": 85, "column": null } }
        ]
      },
      "3": {
        "loc": { "start": { "line": 86, "column": 4 }, "end": { "line": 90, "column": 13 } },
        "type": "if",
        "locations": [{ "start": { "line": 86, "column": 4 }, "end": { "line": 90, "column": 13 } }]
      },
      "4": {
        "loc": { "start": { "line": 87, "column": 6 }, "end": { "line": 88, "column": 82 } },
        "type": "binary-expr",
        "locations": [
          { "start": { "line": 87, "column": 6 }, "end": { "line": 87, "column": 47 } },
          { "start": { "line": 88, "column": 6 }, "end": { "line": 88, "column": 82 } }
        ]
      },
      "5": {
        "loc": { "start": { "line": 88, "column": 50 }, "end": { "line": 88, "column": 81 } },
        "type": "binary-expr",
        "locations": [
          { "start": { "line": 88, "column": 50 }, "end": { "line": 88, "column": 75 } },
          { "start": { "line": 88, "column": 79 }, "end": { "line": 88, "column": 81 } }
        ]
      },
      "6": {
        "loc": { "start": { "line": 93, "column": 48 }, "end": { "line": 93, "column": 79 } },
        "type": "binary-expr",
        "locations": [
          { "start": { "line": 93, "column": 48 }, "end": { "line": 93, "column": 73 } },
          { "start": { "line": 93, "column": 77 }, "end": { "line": 93, "column": 79 } }
        ]
      },
      "7": {
        "loc": { "start": { "line": 96, "column": 4 }, "end": { "line": 97, "column": 94 } },
        "type": "if",
        "locations": [{ "start": { "line": 96, "column": 4 }, "end": { "line": 97, "column": 94 } }]
      },
      "8": {
        "loc": { "start": { "line": 103, "column": 10 }, "end": { "line": 103, "column": 98 } },
        "type": "binary-expr",
        "locations": [
          { "start": { "line": 103, "column": 10 }, "end": { "line": 103, "column": 34 } },
          { "start": { "line": 103, "column": 38 }, "end": { "line": 103, "column": 98 } }
        ]
      },
      "9": {
        "loc": { "start": { "line": 111, "column": 35 }, "end": { "line": 111, "column": 63 } },
        "type": "binary-expr",
        "locations": [
          { "start": { "line": 111, "column": 35 }, "end": { "line": 111, "column": 57 } },
          { "start": { "line": 111, "column": 61 }, "end": { "line": 111, "column": 63 } }
        ]
      },
      "10": {
        "loc": { "start": { "line": 112, "column": 6 }, "end": { "line": 112, "column": 43 } },
        "type": "if",
        "locations": [
          { "start": { "line": 112, "column": 6 }, "end": { "line": 112, "column": 43 } }
        ]
      },
      "11": {
        "loc": { "start": { "line": 117, "column": 8 }, "end": { "line": 119, "column": null } },
        "type": "if",
        "locations": [
          { "start": { "line": 117, "column": 8 }, "end": { "line": 119, "column": null } }
        ]
      },
      "12": {
        "loc": { "start": { "line": 117, "column": 12 }, "end": { "line": 117, "column": 52 } },
        "type": "binary-expr",
        "locations": [
          { "start": { "line": 117, "column": 12 }, "end": { "line": 117, "column": 23 } },
          { "start": { "line": 117, "column": 27 }, "end": { "line": 117, "column": 52 } }
        ]
      },
      "13": {
        "loc": { "start": { "line": 118, "column": 23 }, "end": { "line": 118, "column": 42 } },
        "type": "binary-expr",
        "locations": [
          { "start": { "line": 118, "column": 23 }, "end": { "line": 118, "column": 33 } },
          { "start": { "line": 118, "column": 37 }, "end": { "line": 118, "column": 42 } }
        ]
      },
      "14": {
        "loc": { "start": { "line": 122, "column": 8 }, "end": { "line": 128, "column": null } },
        "type": "if",
        "locations": [
          { "start": { "line": 122, "column": 8 }, "end": { "line": 128, "column": null } }
        ]
      },
      "15": {
        "loc": { "start": { "line": 124, "column": 10 }, "end": { "line": 126, "column": null } },
        "type": "if",
        "locations": [
          { "start": { "line": 124, "column": 10 }, "end": { "line": 126, "column": null } }
        ]
      },
      "16": {
        "loc": { "start": { "line": 127, "column": 23 }, "end": { "line": 127, "column": 50 } },
        "type": "binary-expr",
        "locations": [
          { "start": { "line": 127, "column": 23 }, "end": { "line": 127, "column": 33 } },
          { "start": { "line": 127, "column": 38 }, "end": { "line": 127, "column": 41 } },
          { "start": { "line": 127, "column": 45 }, "end": { "line": 127, "column": 49 } }
        ]
      },
      "17": {
        "loc": { "start": { "line": 130, "column": 6 }, "end": { "line": 130, "column": 30 } },
        "type": "if",
        "locations": [
          { "start": { "line": 130, "column": 6 }, "end": { "line": 130, "column": 30 } }
        ]
      },
      "18": {
        "loc": { "start": { "line": 132, "column": 29 }, "end": { "line": 132, "column": 62 } },
        "type": "binary-expr",
        "locations": [
          { "start": { "line": 132, "column": 29 }, "end": { "line": 132, "column": 49 } },
          { "start": { "line": 132, "column": 53 }, "end": { "line": 132, "column": 62 } }
        ]
      },
      "19": {
        "loc": { "start": { "line": 145, "column": 4 }, "end": { "line": 150, "column": null } },
        "type": "if",
        "locations": [
          { "start": { "line": 145, "column": 4 }, "end": { "line": 150, "column": null } }
        ]
      },
      "20": {
        "loc": { "start": { "line": 146, "column": 6 }, "end": { "line": 147, "column": 57 } },
        "type": "binary-expr",
        "locations": [
          { "start": { "line": 146, "column": 6 }, "end": { "line": 146, "column": 49 } },
          { "start": { "line": 147, "column": 6 }, "end": { "line": 147, "column": 57 } }
        ]
      },
      "21": {
        "loc": { "start": { "line": 153, "column": 26 }, "end": { "line": 153, "column": 40 } },
        "type": "binary-expr",
        "locations": [
          { "start": { "line": 153, "column": 26 }, "end": { "line": 153, "column": 34 } },
          { "start": { "line": 153, "column": 38 }, "end": { "line": 153, "column": 40 } }
        ]
      },
      "22": {
        "loc": { "start": { "line": 156, "column": 33 }, "end": { "line": 156, "column": 66 } },
        "type": "binary-expr",
        "locations": [
          { "start": { "line": 156, "column": 33 }, "end": { "line": 156, "column": 60 } },
          { "start": { "line": 156, "column": 64 }, "end": { "line": 156, "column": 66 } }
        ]
      },
      "23": {
        "loc": { "start": { "line": 160, "column": 8 }, "end": { "line": 160, "column": 40 } },
        "type": "binary-expr",
        "locations": [
          { "start": { "line": 160, "column": 9 }, "end": { "line": 160, "column": 23 } },
          { "start": { "line": 160, "column": 27 }, "end": { "line": 160, "column": 31 } },
          { "start": { "line": 160, "column": 36 }, "end": { "line": 160, "column": 40 } }
        ]
      },
      "24": {
        "loc": { "start": { "line": 163, "column": 4 }, "end": { "line": 163, "column": 39 } },
        "type": "if",
        "locations": [
          { "start": { "line": 163, "column": 4 }, "end": { "line": 163, "column": 39 } }
        ]
      },
      "25": {
        "loc": { "start": { "line": 177, "column": 4 }, "end": { "line": 185, "column": null } },
        "type": "if",
        "locations": [
          { "start": { "line": 177, "column": 4 }, "end": { "line": 185, "column": null } },
          { "start": { "line": 180, "column": 11 }, "end": { "line": 185, "column": null } }
        ]
      },
      "26": {
        "loc": { "start": { "line": 189, "column": 4 }, "end": { "line": 191, "column": null } },
        "type": "if",
        "locations": [
          { "start": { "line": 189, "column": 4 }, "end": { "line": 191, "column": null } }
        ]
      },
      "27": {
        "loc": { "start": { "line": 197, "column": 4 }, "end": { "line": 197, "column": 48 } },
        "type": "if",
        "locations": [
          { "start": { "line": 197, "column": 4 }, "end": { "line": 197, "column": 48 } }
        ]
      },
      "28": {
        "loc": { "start": { "line": 199, "column": 4 }, "end": { "line": 203, "column": null } },
        "type": "if",
        "locations": [
          { "start": { "line": 199, "column": 4 }, "end": { "line": 203, "column": null } },
          { "start": { "line": 201, "column": 11 }, "end": { "line": 203, "column": null } }
        ]
      },
      "29": {
        "loc": { "start": { "line": 218, "column": 4 }, "end": { "line": 220, "column": null } },
        "type": "if",
        "locations": [
          { "start": { "line": 218, "column": 4 }, "end": { "line": 220, "column": null } }
        ]
      },
      "30": {
        "loc": { "start": { "line": 240, "column": 25 }, "end": { "line": 240, "column": 48 } },
        "type": "binary-expr",
        "locations": [
          { "start": { "line": 240, "column": 25 }, "end": { "line": 240, "column": 42 } },
          { "start": { "line": 240, "column": 46 }, "end": { "line": 240, "column": 48 } }
        ]
      },
      "31": {
        "loc": { "start": { "line": 255, "column": 33 }, "end": { "line": 255, "column": 63 } },
        "type": "binary-expr",
        "locations": [
          { "start": { "line": 255, "column": 33 }, "end": { "line": 255, "column": 57 } },
          { "start": { "line": 255, "column": 61 }, "end": { "line": 255, "column": 63 } }
        ]
      },
      "32": {
        "loc": { "start": { "line": 259, "column": 8 }, "end": { "line": 259, "column": 37 } },
        "type": "binary-expr",
        "locations": [
          { "start": { "line": 259, "column": 9 }, "end": { "line": 259, "column": 20 } },
          { "start": { "line": 259, "column": 24 }, "end": { "line": 259, "column": 28 } },
          { "start": { "line": 259, "column": 33 }, "end": { "line": 259, "column": 37 } }
        ]
      },
      "33": {
        "loc": { "start": { "line": 262, "column": 4 }, "end": { "line": 262, "column": 34 } },
        "type": "if",
        "locations": [
          { "start": { "line": 262, "column": 4 }, "end": { "line": 262, "column": 34 } }
        ]
      },
      "34": {
        "loc": { "start": { "line": 279, "column": 4 }, "end": { "line": 279, "column": 49 } },
        "type": "if",
        "locations": [
          { "start": { "line": 279, "column": 4 }, "end": { "line": 279, "column": 49 } }
        ]
      },
      "35": {
        "loc": { "start": { "line": 320, "column": 20 }, "end": { "line": 320, "column": 56 } },
        "type": "binary-expr",
        "locations": [
          { "start": { "line": 320, "column": 20 }, "end": { "line": 320, "column": 33 } },
          { "start": { "line": 320, "column": 37 }, "end": { "line": 320, "column": 56 } }
        ]
      },
      "36": {
        "loc": { "start": { "line": 330, "column": 4 }, "end": { "line": 334, "column": null } },
        "type": "if",
        "locations": [
          { "start": { "line": 330, "column": 4 }, "end": { "line": 334, "column": null } },
          { "start": { "line": 332, "column": 11 }, "end": { "line": 334, "column": null } }
        ]
      },
      "37": {
        "loc": { "start": { "line": 335, "column": 26 }, "end": { "line": 335, "column": 91 } },
        "type": "cond-expr",
        "locations": [
          { "start": { "line": 335, "column": 62 }, "end": { "line": 335, "column": 69 } },
          { "start": { "line": 335, "column": 72 }, "end": { "line": 335, "column": 91 } }
        ]
      },
      "38": {
        "loc": { "start": { "line": 336, "column": 27 }, "end": { "line": 351, "column": 17 } },
        "type": "cond-expr",
        "locations": [
          { "start": { "line": 337, "column": 8 }, "end": { "line": 350, "column": null } },
          { "start": { "line": 351, "column": 8 }, "end": { "line": 351, "column": 17 } }
        ]
      },
      "39": {
        "loc": { "start": { "line": 355, "column": 29 }, "end": { "line": 355, "column": 62 } },
        "type": "binary-expr",
        "locations": [
          { "start": { "line": 355, "column": 29 }, "end": { "line": 355, "column": 56 } },
          { "start": { "line": 355, "column": 60 }, "end": { "line": 355, "column": 62 } }
        ]
      },
      "40": {
        "loc": { "start": { "line": 357, "column": 36 }, "end": { "line": 357, "column": 67 } },
        "type": "binary-expr",
        "locations": [
          { "start": { "line": 357, "column": 36 }, "end": { "line": 357, "column": 61 } },
          { "start": { "line": 357, "column": 65 }, "end": { "line": 357, "column": 67 } }
        ]
      },
      "41": {
        "loc": { "start": { "line": 357, "column": 69 }, "end": { "line": 357, "column": 96 } },
        "type": "binary-expr",
        "locations": [
          { "start": { "line": 357, "column": 69 }, "end": { "line": 357, "column": 90 } },
          { "start": { "line": 357, "column": 94 }, "end": { "line": 357, "column": 96 } }
        ]
      },
      "42": {
        "loc": { "start": { "line": 359, "column": 4 }, "end": { "line": 366, "column": null } },
        "type": "if",
        "locations": [
          { "start": { "line": 359, "column": 4 }, "end": { "line": 366, "column": null } }
        ]
      },
      "43": {
        "loc": { "start": { "line": 361, "column": 6 }, "end": { "line": 365, "column": null } },
        "type": "if",
        "locations": [
          { "start": { "line": 361, "column": 6 }, "end": { "line": 365, "column": null } },
          { "start": { "line": 363, "column": 13 }, "end": { "line": 365, "column": null } }
        ]
      },
      "44": {
        "loc": { "start": { "line": 368, "column": 4 }, "end": { "line": 375, "column": null } },
        "type": "if",
        "locations": [
          { "start": { "line": 368, "column": 4 }, "end": { "line": 375, "column": null } }
        ]
      },
      "45": {
        "loc": { "start": { "line": 370, "column": 6 }, "end": { "line": 374, "column": null } },
        "type": "if",
        "locations": [
          { "start": { "line": 370, "column": 6 }, "end": { "line": 374, "column": null } },
          { "start": { "line": 372, "column": 13 }, "end": { "line": 374, "column": null } }
        ]
      },
      "46": {
        "loc": { "start": { "line": 377, "column": 4 }, "end": { "line": 384, "column": null } },
        "type": "if",
        "locations": [
          { "start": { "line": 377, "column": 4 }, "end": { "line": 384, "column": null } }
        ]
      },
      "47": {
        "loc": { "start": { "line": 379, "column": 6 }, "end": { "line": 383, "column": null } },
        "type": "if",
        "locations": [
          { "start": { "line": 379, "column": 6 }, "end": { "line": 383, "column": null } },
          { "start": { "line": 381, "column": 13 }, "end": { "line": 383, "column": null } }
        ]
      },
      "48": {
        "loc": { "start": { "line": 386, "column": 4 }, "end": { "line": 388, "column": null } },
        "type": "if",
        "locations": [
          { "start": { "line": 386, "column": 4 }, "end": { "line": 388, "column": null } }
        ]
      },
      "49": {
        "loc": { "start": { "line": 390, "column": 4 }, "end": { "line": 400, "column": null } },
        "type": "if",
        "locations": [
          { "start": { "line": 390, "column": 4 }, "end": { "line": 400, "column": null } }
        ]
      },
      "50": {
        "loc": { "start": { "line": 392, "column": 6 }, "end": { "line": 399, "column": null } },
        "type": "if",
        "locations": [
          { "start": { "line": 392, "column": 6 }, "end": { "line": 399, "column": null } }
        ]
      },
      "51": {
        "loc": { "start": { "line": 394, "column": 8 }, "end": { "line": 397, "column": null } },
        "type": "if",
        "locations": [
          { "start": { "line": 394, "column": 8 }, "end": { "line": 397, "column": null } }
        ]
      },
      "52": {
        "loc": { "start": { "line": 408, "column": 4 }, "end": { "line": 419, "column": null } },
        "type": "if",
        "locations": [
          { "start": { "line": 408, "column": 4 }, "end": { "line": 419, "column": null } }
        ]
      },
      "53": {
        "loc": { "start": { "line": 410, "column": 8 }, "end": { "line": 411, "column": 68 } },
        "type": "binary-expr",
        "locations": [
          { "start": { "line": 410, "column": 8 }, "end": { "line": 410, "column": 46 } },
          { "start": { "line": 411, "column": 8 }, "end": { "line": 411, "column": 68 } }
        ]
      },
      "54": {
        "loc": { "start": { "line": 413, "column": 8 }, "end": { "line": 414, "column": 68 } },
        "type": "binary-expr",
        "locations": [
          { "start": { "line": 413, "column": 8 }, "end": { "line": 413, "column": 46 } },
          { "start": { "line": 414, "column": 8 }, "end": { "line": 414, "column": 68 } }
        ]
      },
      "55": {
        "loc": { "start": { "line": 416, "column": 6 }, "end": { "line": 416, "column": 84 } },
        "type": "if",
        "locations": [
          { "start": { "line": 416, "column": 6 }, "end": { "line": 416, "column": 84 } }
        ]
      },
      "56": {
        "loc": { "start": { "line": 417, "column": 6 }, "end": { "line": 418, "column": 80 } },
        "type": "if",
        "locations": [
          { "start": { "line": 417, "column": 6 }, "end": { "line": 418, "column": 80 } }
        ]
      },
      "57": {
        "loc": { "start": { "line": 423, "column": 6 }, "end": { "line": 424, "column": 57 } },
        "type": "binary-expr",
        "locations": [
          { "start": { "line": 423, "column": 6 }, "end": { "line": 423, "column": 49 } },
          { "start": { "line": 424, "column": 6 }, "end": { "line": 424, "column": 57 } }
        ]
      },
      "58": {
        "loc": { "start": { "line": 425, "column": 4 }, "end": { "line": 446, "column": null } },
        "type": "if",
        "locations": [
          { "start": { "line": 425, "column": 4 }, "end": { "line": 446, "column": null } }
        ]
      },
      "59": {
        "loc": { "start": { "line": 425, "column": 8 }, "end": { "line": 425, "column": 81 } },
        "type": "binary-expr",
        "locations": [
          { "start": { "line": 425, "column": 8 }, "end": { "line": 425, "column": 51 } },
          { "start": { "line": 425, "column": 55 }, "end": { "line": 425, "column": 81 } }
        ]
      },
      "60": {
        "loc": { "start": { "line": 476, "column": 6 }, "end": { "line": 476, "column": 38 } },
        "type": "binary-expr",
        "locations": [
          { "start": { "line": 476, "column": 6 }, "end": { "line": 476, "column": 25 } },
          { "start": { "line": 476, "column": 29 }, "end": { "line": 476, "column": 38 } }
        ]
      },
      "61": {
        "loc": { "start": { "line": 491, "column": 4 }, "end": { "line": 491, "column": 73 } },
        "type": "if",
        "locations": [
          { "start": { "line": 491, "column": 4 }, "end": { "line": 491, "column": 73 } }
        ]
      }
    },
    "s": {
      "0": 67,
      "1": 67,
      "2": 67,
      "3": 67,
      "4": 67,
      "5": 67,
      "6": 67,
      "7": 67,
      "8": 67,
      "9": 67,
      "10": 67,
      "11": 67,
      "12": 67,
      "13": 67,
      "14": 67,
      "15": 63,
      "16": 0,
      "17": 63,
      "18": 63,
      "19": 63,
      "20": 63,
      "21": 4,
      "22": 4,
      "23": 4,
      "24": 45,
      "25": 45,
      "26": 45,
      "27": 0,
      "28": 0,
      "29": 45,
      "30": 1,
      "31": 44,
      "32": 2,
      "33": 44,
      "34": 44,
      "35": 44,
      "36": 44,
      "37": 44,
      "38": 44,
      "39": 44,
      "40": 44,
      "41": 44,
      "42": 44,
      "43": 0,
      "44": 44,
      "45": 44,
      "46": 8,
      "47": 4,
      "48": 44,
      "49": 19,
      "50": 19,
      "51": 19,
      "52": 9,
      "53": 19,
      "54": 44,
      "55": 7,
      "56": 37,
      "57": 44,
      "58": 0,
      "59": 68,
      "60": 68,
      "61": 1,
      "62": 67,
      "63": 67,
      "64": 67,
      "65": 67,
      "66": 67,
      "67": 67,
      "68": 3,
      "69": 67,
      "70": 1,
      "71": 66,
      "72": 0,
      "73": 0,
      "74": 0,
      "75": 0,
      "76": 0,
      "77": 0,
      "78": 0,
      "79": 0,
      "80": 0,
      "81": 0,
      "82": 0,
      "83": 0,
      "84": 0,
      "85": 0,
      "86": 0,
      "87": 0,
      "88": 0,
      "89": 0,
      "90": 0,
      "91": 0,
      "92": 0,
      "93": 0,
      "94": 0,
      "95": 0,
      "96": 7,
      "97": 0,
      "98": 0,
      "99": 0,
      "100": 0,
      "101": 65,
      "102": 65,
      "103": 65,
      "104": 0,
      "105": 65,
      "106": 0,
      "107": 65,
      "108": 65,
      "109": 65,
      "110": 65,
      "111": 2,
      "112": 2,
      "113": 2,
      "114": 2,
      "115": 1,
      "116": 0,
      "117": 1,
      "118": 1,
      "119": 1,
      "120": 1,
      "121": 19,
      "122": 0,
      "123": 0,
      "124": 0,
      "125": 3,
      "126": 0,
      "127": 0,
      "128": 0,
      "129": 0,
      "130": 0,
      "131": 0,
      "132": 67,
      "133": 2,
      "134": 65,
      "135": 67,
      "136": 67,
      "137": 0,
      "138": 0,
      "139": 0,
      "140": 0,
      "141": 67,
      "142": 67,
      "143": 67,
      "144": 2,
      "145": 2,
      "146": 1,
      "147": 1,
      "148": 67,
      "149": 18,
      "150": 18,
      "151": 1,
      "152": 17,
      "153": 67,
      "154": 0,
      "155": 0,
      "156": 0,
      "157": 0,
      "158": 67,
      "159": 1,
      "160": 67,
      "161": 66,
      "162": 66,
      "163": 65,
      "164": 65,
      "165": 6,
      "166": 6,
      "167": 65,
      "168": 66,
      "169": 8,
      "170": 66,
      "171": 64,
      "172": 64,
      "173": 64,
      "174": 63,
      "175": 64,
      "176": 63,
      "177": 66,
      "178": 66,
      "179": 64,
      "180": 0,
      "181": 0,
      "182": 64,
      "183": 26,
      "184": 26,
      "185": 64,
      "186": 0,
      "187": 0,
      "188": 64,
      "189": 0,
      "190": 0,
      "191": 64,
      "192": 0,
      "193": 0,
      "194": 2,
      "195": 4,
      "196": 2,
      "197": 2,
      "198": 2,
      "199": 2,
      "200": 2,
      "201": 2,
      "202": 2,
      "203": 0,
      "204": 0,
      "205": 0,
      "206": 0,
      "207": 65,
      "208": 65,
      "209": 64,
      "210": 65,
      "211": 64,
      "212": 67
    },
    "f": {
      "0": 63,
      "1": 4,
      "2": 45,
      "3": 45,
      "4": 2,
      "5": 44,
      "6": 8,
      "7": 0,
      "8": 68,
      "9": 3,
      "10": 0,
      "11": 0,
      "12": 0,
      "13": 0,
      "14": 0,
      "15": 0,
      "16": 0,
      "17": 0,
      "18": 0,
      "19": 0,
      "20": 0,
      "21": 7,
      "22": 0,
      "23": 65,
      "24": 0,
      "25": 2,
      "26": 1,
      "27": 19,
      "28": 0,
      "29": 0,
      "30": 0,
      "31": 3,
      "32": 0,
      "33": 0,
      "34": 0,
      "35": 0,
      "36": 0,
      "37": 0,
      "38": 0,
      "39": 0,
      "40": 8,
      "41": 0,
      "42": 26,
      "43": 0,
      "44": 0,
      "45": 0,
      "46": 4
    },
    "b": {
      "0": [0],
      "1": [45, 2],
      "2": [0],
      "3": [1],
      "4": [45, 3],
      "5": [3, 0],
      "6": [2, 1],
      "7": [44],
      "8": [44, 44],
      "9": [44, 0],
      "10": [0],
      "11": [4],
      "12": [8, 6],
      "13": [4, 4],
      "14": [19],
      "15": [9],
      "16": [19, 15, 8],
      "17": [7],
      "18": [37, 2],
      "19": [1],
      "20": [68, 6],
      "21": [67, 67],
      "22": [67, 0],
      "23": [3, 1, 2],
      "24": [1],
      "25": [0, 0],
      "26": [0],
      "27": [0],
      "28": [0, 0],
      "29": [0],
      "30": [7, 1],
      "31": [65, 0],
      "32": [0, 0, 0],
      "33": [0],
      "34": [0],
      "35": [0, 0],
      "36": [2, 65],
      "37": [64, 3],
      "38": [65, 2],
      "39": [67, 66],
      "40": [67, 66],
      "41": [67, 65],
      "42": [2],
      "43": [1, 1],
      "44": [18],
      "45": [1, 17],
      "46": [0],
      "47": [0, 0],
      "48": [1],
      "49": [66],
      "50": [65],
      "51": [6],
      "52": [64],
      "53": [64, 6],
      "54": [64, 6],
      "55": [63],
      "56": [63],
      "57": [66, 2],
      "58": [64],
      "59": [66, 65],
      "60": [0, 0],
      "61": [64]
    }
  },
  "/home/aklinker1/Development/open-source/bugsnag-js-service-workers/lib/utils.ts": {
    "path": "/home/aklinker1/Development/open-source/bugsnag-js-service-workers/lib/utils.ts",
    "statementMap": {
      "0": { "start": { "line": 2, "column": 12 }, "end": { "line": 2, "column": 30 } },
      "1": { "start": { "line": 3, "column": 2 }, "end": { "line": 5, "column": null } },
      "2": { "start": { "line": 4, "column": 4 }, "end": { "line": 4, "column": 19 } },
      "3": { "start": { "line": 6, "column": 2 }, "end": { "line": 8, "column": null } },
      "4": { "start": { "line": 7, "column": 4 }, "end": { "line": 7, "column": 21 } },
      "5": { "start": { "line": 9, "column": 2 }, "end": { "line": 11, "column": null } },
      "6": { "start": { "line": 10, "column": 4 }, "end": { "line": 10, "column": 17 } },
      "7": { "start": { "line": 12, "column": 2 }, "end": { "line": 12, "column": 24 } },
      "8": { "start": { "line": 1, "column": 0 }, "end": { "line": 1, "column": 16 } },
      "9": { "start": { "line": 16, "column": 2 }, "end": { "line": 28, "column": 15 } },
      "10": { "start": { "line": 18, "column": 6 }, "end": { "line": 26, "column": null } },
      "11": { "start": { "line": 19, "column": 8 }, "end": { "line": 19, "column": 74 } },
      "12": { "start": { "line": 20, "column": 13 }, "end": { "line": 26, "column": null } },
      "13": { "start": { "line": 21, "column": 8 }, "end": { "line": 21, "column": 31 } },
      "14": { "start": { "line": 22, "column": 13 }, "end": { "line": 26, "column": null } },
      "15": { "start": { "line": 23, "column": 8 }, "end": { "line": 23, "column": 44 } },
      "16": { "start": { "line": 25, "column": 8 }, "end": { "line": 25, "column": 27 } },
      "17": { "start": { "line": 15, "column": 0 }, "end": { "line": 15, "column": 16 } },
      "18": { "start": { "line": 31, "column": 21 }, "end": { "line": 31, "column": 87 } },
      "19": { "start": { "line": 32, "column": 23 }, "end": { "line": 32, "column": 25 } },
      "20": { "start": { "line": 35, "column": 11 }, "end": { "line": 35, "column": 13 } },
      "21": { "start": { "line": 36, "column": 2 }, "end": { "line": 38, "column": null } },
      "22": { "start": { "line": 37, "column": 4 }, "end": { "line": 37, "column": 85 } },
      "23": { "start": { "line": 39, "column": 2 }, "end": { "line": 39, "column": 12 } },
      "24": { "start": { "line": 34, "column": 0 }, "end": { "line": 34, "column": 16 } },
      "25": { "start": { "line": 43, "column": 2 }, "end": { "line": 55, "column": null } },
      "26": { "start": { "line": 44, "column": 4 }, "end": { "line": 44, "column": 68 } },
      "27": { "start": { "line": 44, "column": 32 }, "end": { "line": 44, "column": 66 } },
      "28": { "start": { "line": 45, "column": 9 }, "end": { "line": 55, "column": null } },
      "29": { "start": { "line": 46, "column": 4 }, "end": { "line": 54, "column": 13 } },
      "30": { "start": { "line": 48, "column": 27 }, "end": { "line": 48, "column": 83 } },
      "31": { "start": { "line": 48, "column": 60 }, "end": { "line": 48, "column": 82 } },
      "32": { "start": { "line": 49, "column": 8 }, "end": { "line": 49, "column": 86 } },
      "33": { "start": { "line": 52, "column": 8 }, "end": { "line": 52, "column": 25 } },
      "34": { "start": { "line": 53, "column": 8 }, "end": { "line": 53, "column": 19 } },
      "35": { "start": { "line": 56, "column": 2 }, "end": { "line": 56, "column": 18 } },
      "36": { "start": { "line": 42, "column": 0 }, "end": { "line": 42, "column": 16 } }
    },
    "fnMap": {
      "0": {
        "name": "getOsName",
        "decl": { "start": { "line": 1, "column": 16 }, "end": { "line": 1, "column": 25 } },
        "loc": { "start": { "line": 1, "column": 25 }, "end": { "line": 13, "column": 1 } }
      },
      "1": {
        "name": "getMessageFromArgs",
        "decl": { "start": { "line": 15, "column": 16 }, "end": { "line": 15, "column": 34 } },
        "loc": { "start": { "line": 15, "column": 46 }, "end": { "line": 29, "column": 1 } }
      },
      "2": {
        "name": "(anonymous_2)",
        "decl": { "start": { "line": 17, "column": 9 }, "end": { "line": 17, "column": 12 } },
        "loc": { "start": { "line": 17, "column": 15 }, "end": { "line": 27, "column": 5 } }
      },
      "3": {
        "name": "generateAnonymousUserId",
        "decl": { "start": { "line": 34, "column": 16 }, "end": { "line": 34, "column": 39 } },
        "loc": { "start": { "line": 34, "column": 39 }, "end": { "line": 40, "column": 1 } }
      },
      "4": {
        "name": "redactMetadata",
        "decl": { "start": { "line": 42, "column": 16 }, "end": { "line": 42, "column": 30 } },
        "loc": { "start": { "line": 42, "column": 82 }, "end": { "line": 57, "column": 1 } }
      },
      "5": {
        "name": "(anonymous_5)",
        "decl": { "start": { "line": 44, "column": 24 }, "end": { "line": 44, "column": 28 } },
        "loc": { "start": { "line": 44, "column": 32 }, "end": { "line": 44, "column": 66 } }
      },
      "6": {
        "name": "(anonymous_6)",
        "decl": { "start": { "line": 47, "column": 11 }, "end": { "line": 47, "column": 12 } },
        "loc": { "start": { "line": 47, "column": 28 }, "end": { "line": 50, "column": 7 } }
      },
      "7": {
        "name": "(anonymous_7)",
        "decl": { "start": { "line": 48, "column": 45 }, "end": { "line": 48, "column": 56 } },
        "loc": { "start": { "line": 48, "column": 60 }, "end": { "line": 48, "column": 82 } }
      },
      "8": {
        "name": "(anonymous_8)",
        "decl": { "start": { "line": 51, "column": 35 }, "end": { "line": 51, "column": 36 } },
        "loc": { "start": { "line": 51, "column": 57 }, "end": { "line": 54, "column": 7 } }
      }
    },
    "branchMap": {
      "0": {
        "loc": { "start": { "line": 3, "column": 2 }, "end": { "line": 5, "column": null } },
        "type": "if",
        "locations": [{ "start": { "line": 3, "column": 2 }, "end": { "line": 5, "column": null } }]
      },
      "1": {
        "loc": { "start": { "line": 6, "column": 2 }, "end": { "line": 8, "column": null } },
        "type": "if",
        "locations": [{ "start": { "line": 6, "column": 2 }, "end": { "line": 8, "column": null } }]
      },
      "2": {
        "loc": { "start": { "line": 9, "column": 2 }, "end": { "line": 11, "column": null } },
        "type": "if",
        "locations": [
          { "start": { "line": 9, "column": 2 }, "end": { "line": 11, "column": null } }
        ]
      },
      "3": {
        "loc": { "start": { "line": 12, "column": 9 }, "end": { "line": 12, "column": 23 } },
        "type": "binary-expr",
        "locations": [
          { "start": { "line": 12, "column": 9 }, "end": { "line": 12, "column": 10 } },
          { "start": { "line": 12, "column": 14 }, "end": { "line": 12, "column": 23 } }
        ]
      },
      "4": {
        "loc": { "start": { "line": 18, "column": 6 }, "end": { "line": 26, "column": null } },
        "type": "if",
        "locations": [
          { "start": { "line": 18, "column": 6 }, "end": { "line": 26, "column": null } },
          { "start": { "line": 20, "column": 13 }, "end": { "line": 26, "column": null } }
        ]
      },
      "5": {
        "loc": { "start": { "line": 20, "column": 13 }, "end": { "line": 26, "column": null } },
        "type": "if",
        "locations": [
          { "start": { "line": 20, "column": 13 }, "end": { "line": 26, "column": null } },
          { "start": { "line": 22, "column": 13 }, "end": { "line": 26, "column": null } }
        ]
      },
      "6": {
        "loc": { "start": { "line": 22, "column": 13 }, "end": { "line": 26, "column": null } },
        "type": "if",
        "locations": [
          { "start": { "line": 22, "column": 13 }, "end": { "line": 26, "column": null } },
          { "start": { "line": 24, "column": 13 }, "end": { "line": 26, "column": null } }
        ]
      },
      "7": {
        "loc": { "start": { "line": 43, "column": 2 }, "end": { "line": 55, "column": null } },
        "type": "if",
        "locations": [
          { "start": { "line": 43, "column": 2 }, "end": { "line": 55, "column": null } },
          { "start": { "line": 45, "column": 9 }, "end": { "line": 55, "column": null } }
        ]
      },
      "8": {
        "loc": { "start": { "line": 45, "column": 9 }, "end": { "line": 55, "column": null } },
        "type": "if",
        "locations": [
          { "start": { "line": 45, "column": 9 }, "end": { "line": 55, "column": null } }
        ]
      },
      "9": {
        "loc": { "start": { "line": 49, "column": 21 }, "end": { "line": 49, "column": 84 } },
        "type": "cond-expr",
        "locations": [
          { "start": { "line": 49, "column": 34 }, "end": { "line": 49, "column": 46 } },
          { "start": { "line": 49, "column": 49 }, "end": { "line": 49, "column": 84 } }
        ]
      }
    },
    "s": {
      "0": 0,
      "1": 0,
      "2": 0,
      "3": 0,
      "4": 0,
      "5": 0,
      "6": 0,
      "7": 0,
      "8": 67,
      "9": 26,
      "10": 26,
      "11": 0,
      "12": 26,
      "13": 0,
      "14": 26,
      "15": 0,
      "16": 26,
      "17": 67,
      "18": 67,
      "19": 67,
      "20": 6,
      "21": 6,
      "22": 60,
      "23": 6,
      "24": 67,
      "25": 81,
      "26": 2,
      "27": 4,
      "28": 79,
      "29": 73,
      "30": 14,
      "31": 20,
      "32": 14,
      "33": 14,
      "34": 14,
      "35": 6,
      "36": 67
    },
    "f": { "0": 0, "1": 26, "2": 26, "3": 6, "4": 81, "5": 4, "6": 14, "7": 20, "8": 14 },
    "b": {
      "0": [0],
      "1": [0],
      "2": [0],
      "3": [0, 0],
      "4": [0, 26],
      "5": [0, 26],
      "6": [0, 26],
      "7": [2, 79],
      "8": [73],
      "9": [6, 8]
    }
  }
}
