TN:
SF:lib/BreadcrumbTrail.ts
FN:9,(anonymous_0)
FN:18,(anonymous_1)
FN:22,(anonymous_2)
FN:25,(anonymous_3)
FNF:4
FNH:4
FNDA:66,(anonymous_0)
FNDA:67,(anonymous_1)
FNDA:44,(anonymous_2)
FNDA:29,(anonymous_3)
DA:3,67
DA:4,67
DA:6,67
DA:7,67
DA:10,66
DA:13,66
DA:14,0
DA:19,67
DA:23,44
DA:25,29
LF:10
LH:9
BRDA:13,0,0,0
BRF:1
BRH:0
end_of_record
TN:
SF:lib/http.ts
FN:89,postEvent
FN:122,(anonymous_1)
FN:123,(anonymous_2)
FN:136,(anonymous_3)
FN:151,(anonymous_4)
FN:173,getError
FN:194,(anonymous_6)
FNF:7
FNH:0
FNDA:0,postEvent
FNDA:0,(anonymous_1)
FNDA:0,(anonymous_2)
FNDA:0,(anonymous_3)
FNDA:0,(anonymous_4)
FNDA:0,getError
FNDA:0,(anonymous_6)
DA:2,1
DA:76,1
DA:87,1
DA:89,1
DA:90,0
DA:92,0
DA:94,0
DA:96,0
DA:97,0
DA:99,0
DA:101,0
DA:102,0
DA:108,0
DA:122,0
DA:124,0
DA:125,0
DA:136,0
DA:151,0
DA:163,0
DA:169,0
DA:174,0
DA:175,0
DA:182,0
DA:183,0
DA:185,0
DA:187,0
DA:188,0
DA:194,0
LF:28
LH:4
BRDA:101,0,0,0
BRDA:101,0,1,0
BRDA:104,1,0,0
BRDA:104,1,1,0
BRDA:109,2,0,0
BRDA:109,2,1,0
BRDA:120,3,0,0
BRDA:120,3,1,0
BRDA:126,4,0,0
BRDA:126,4,1,0
BRDA:147,5,0,0
BRDA:147,5,1,0
BRDA:149,6,0,0
BRDA:149,6,1,0
BRDA:153,7,0,0
BRDA:153,7,1,0
BRDA:174,8,0,0
BRDA:178,9,0,0
BRDA:178,9,1,0
BRDA:182,10,0,0
BRDA:182,10,1,0
BRDA:192,11,0,0
BRDA:192,11,1,0
BRF:23
BRH:0
end_of_record
TN:
SF:lib/index.ts
FN:40,(anonymous_0)
FN:49,(anonymous_1)
FN:57,(anonymous_2)
FN:77,(anonymous_3)
FN:92,(anonymous_4)
FN:110,(anonymous_5)
FN:116,(anonymous_6)
FN:134,(anonymous_7)
FN:139,(anonymous_8)
FN:158,(anonymous_9)
FN:172,(anonymous_10)
FN:182,(anonymous_11)
FN:188,(anonymous_12)
FN:195,(anonymous_13)
FN:208,(anonymous_14)
FN:212,(anonymous_15)
FN:216,(anonymous_16)
FN:217,(anonymous_17)
FN:223,(anonymous_18)
FN:229,(anonymous_19)
FN:233,(anonymous_20)
FN:239,(anonymous_21)
FN:243,(anonymous_22)
FN:252,(anonymous_23)
FN:257,(anonymous_24)
FN:270,(anonymous_25)
FN:277,(anonymous_26)
FN:289,(anonymous_27)
FN:293,(anonymous_28)
FN:297,(anonymous_29)
FN:301,(anonymous_30)
FN:305,(anonymous_31)
FN:309,(anonymous_32)
FN:315,(anonymous_33)
FN:316,(anonymous_34)
FN:319,(anonymous_35)
FN:338,(anonymous_36)
FN:341,(anonymous_37)
FN:344,(anonymous_38)
FN:347,(anonymous_39)
FN:405,(anonymous_40)
FN:426,(anonymous_41)
FN:430,(anonymous_42)
FN:434,(anonymous_43)
FN:438,(anonymous_44)
FN:442,(anonymous_45)
FN:451,(anonymous_46)
FNF:47
FNH:18
FNDA:63,(anonymous_0)
FNDA:4,(anonymous_1)
FNDA:45,(anonymous_2)
FNDA:45,(anonymous_3)
FNDA:2,(anonymous_4)
FNDA:44,(anonymous_5)
FNDA:8,(anonymous_6)
FNDA:0,(anonymous_7)
FNDA:68,(anonymous_8)
FNDA:3,(anonymous_9)
FNDA:0,(anonymous_10)
FNDA:0,(anonymous_11)
FNDA:0,(anonymous_12)
FNDA:0,(anonymous_13)
FNDA:0,(anonymous_14)
FNDA:0,(anonymous_15)
FNDA:0,(anonymous_16)
FNDA:0,(anonymous_17)
FNDA:0,(anonymous_18)
FNDA:0,(anonymous_19)
FNDA:0,(anonymous_20)
FNDA:7,(anonymous_21)
FNDA:0,(anonymous_22)
FNDA:65,(anonymous_23)
FNDA:0,(anonymous_24)
FNDA:2,(anonymous_25)
FNDA:1,(anonymous_26)
FNDA:19,(anonymous_27)
FNDA:0,(anonymous_28)
FNDA:0,(anonymous_29)
FNDA:0,(anonymous_30)
FNDA:3,(anonymous_31)
FNDA:0,(anonymous_32)
FNDA:0,(anonymous_33)
FNDA:0,(anonymous_34)
FNDA:0,(anonymous_35)
FNDA:0,(anonymous_36)
FNDA:0,(anonymous_37)
FNDA:0,(anonymous_38)
FNDA:0,(anonymous_39)
FNDA:8,(anonymous_40)
FNDA:0,(anonymous_41)
FNDA:26,(anonymous_42)
FNDA:0,(anonymous_43)
FNDA:0,(anonymous_44)
FNDA:0,(anonymous_45)
FNDA:4,(anonymous_46)
DA:1,67
DA:16,67
DA:18,67
DA:19,67
DA:22,67
DA:23,67
DA:24,67
DA:26,67
DA:29,67
DA:30,67
DA:31,67
DA:32,67
DA:33,67
DA:34,67
DA:35,67
DA:41,63
DA:42,0
DA:44,63
DA:45,63
DA:46,63
DA:47,63
DA:50,4
DA:51,4
DA:52,4
DA:62,45
DA:74,45
DA:82,45
DA:83,0
DA:84,0
DA:86,45
DA:90,1
DA:92,44
DA:93,2
DA:95,44
DA:96,44
DA:97,44
DA:98,44
DA:99,44
DA:105,44
DA:106,44
DA:110,44
DA:111,44
DA:112,44
DA:115,44
DA:116,44
DA:117,8
DA:118,4
DA:121,44
DA:122,19
DA:123,19
DA:124,19
DA:125,9
DA:127,19
DA:130,44
DA:132,37
DA:134,44
DA:144,68
DA:145,68
DA:149,1
DA:151,67
DA:152,67
DA:153,67
DA:154,67
DA:156,67
DA:157,67
DA:160,3
DA:163,67
DA:165,66
DA:176,0
DA:177,0
DA:178,0
DA:179,0
DA:181,0
DA:182,0
DA:183,0
DA:189,0
DA:190,0
DA:192,0
DA:197,0
DA:199,0
DA:200,0
DA:202,0
DA:209,0
DA:213,0
DA:217,0
DA:218,0
DA:219,0
DA:224,0
DA:230,0
DA:234,0
DA:240,7
DA:244,0
DA:245,0
DA:246,0
DA:247,0
DA:253,65
DA:255,65
DA:256,65
DA:259,0
DA:262,65
DA:264,65
DA:265,65
DA:266,65
DA:267,65
DA:271,2
DA:272,2
DA:273,2
DA:274,2
DA:279,1
DA:281,1
DA:282,1
DA:283,1
DA:284,1
DA:290,19
DA:294,0
DA:298,0
DA:302,0
DA:306,3
DA:310,0
DA:316,0
DA:320,0
DA:322,0
DA:324,0
DA:330,67
DA:331,2
DA:333,65
DA:335,67
DA:336,67
DA:339,0
DA:342,0
DA:345,0
DA:348,0
DA:355,67
DA:357,67
DA:359,67
DA:360,2
DA:361,2
DA:362,1
DA:364,1
DA:368,67
DA:369,18
DA:370,18
DA:371,1
DA:373,17
DA:377,67
DA:378,0
DA:379,0
DA:380,0
DA:382,0
DA:386,67
DA:387,1
DA:390,67
DA:391,66
DA:392,66
DA:393,65
DA:394,65
DA:395,6
DA:396,6
DA:398,65
DA:405,66
DA:408,66
DA:410,64
DA:413,64
DA:416,64
DA:417,64
DA:418,63
DA:423,66
DA:425,66
DA:426,64
DA:427,0
DA:428,0
DA:430,64
DA:431,26
DA:432,26
DA:434,64
DA:435,0
DA:436,0
DA:438,64
DA:439,0
DA:440,0
DA:442,64
DA:443,0
DA:444,0
DA:451,4
DA:454,2
DA:455,2
DA:458,2
DA:459,2
DA:460,2
DA:461,2
DA:462,2
DA:466,0
DA:478,0
DA:482,0
DA:486,0
DA:490,65
DA:491,65
DA:492,65
DA:496,64
DA:500,67
LF:200
LH:142
BRDA:41,0,0,0
BRDA:72,1,0,45
BRDA:72,1,1,2
BRDA:82,2,0,0
BRDA:86,3,0,1
BRDA:87,4,0,45
BRDA:87,4,1,3
BRDA:88,5,0,3
BRDA:88,5,1,0
BRDA:93,6,0,2
BRDA:93,6,1,1
BRDA:96,7,0,44
BRDA:103,8,0,44
BRDA:103,8,1,44
BRDA:111,9,0,44
BRDA:111,9,1,0
BRDA:112,10,0,0
BRDA:117,11,0,4
BRDA:117,12,0,8
BRDA:117,12,1,6
BRDA:118,13,0,4
BRDA:118,13,1,4
BRDA:122,14,0,19
BRDA:124,15,0,9
BRDA:127,16,0,19
BRDA:127,16,1,15
BRDA:127,16,2,8
BRDA:130,17,0,7
BRDA:132,18,0,37
BRDA:132,18,1,2
BRDA:145,19,0,1
BRDA:146,20,0,68
BRDA:146,20,1,6
BRDA:153,21,0,67
BRDA:153,21,1,67
BRDA:156,22,0,67
BRDA:156,22,1,0
BRDA:160,23,0,3
BRDA:160,23,1,1
BRDA:160,23,2,2
BRDA:163,24,0,1
BRDA:177,25,0,0
BRDA:177,25,1,0
BRDA:189,26,0,0
BRDA:197,27,0,0
BRDA:199,28,0,0
BRDA:199,28,1,0
BRDA:218,29,0,0
BRDA:240,30,0,7
BRDA:240,30,1,1
BRDA:255,31,0,65
BRDA:255,31,1,0
BRDA:259,32,0,0
BRDA:259,32,1,0
BRDA:259,32,2,0
BRDA:262,33,0,0
BRDA:279,34,0,0
BRDA:320,35,0,0
BRDA:320,35,1,0
BRDA:330,36,0,2
BRDA:330,36,1,65
BRDA:335,37,0,64
BRDA:335,37,1,3
BRDA:336,38,0,65
BRDA:336,38,1,2
BRDA:355,39,0,67
BRDA:355,39,1,66
BRDA:357,40,0,67
BRDA:357,40,1,66
BRDA:357,41,0,67
BRDA:357,41,1,65
BRDA:359,42,0,2
BRDA:361,43,0,1
BRDA:361,43,1,1
BRDA:368,44,0,18
BRDA:370,45,0,1
BRDA:370,45,1,17
BRDA:377,46,0,0
BRDA:379,47,0,0
BRDA:379,47,1,0
BRDA:386,48,0,1
BRDA:390,49,0,66
BRDA:392,50,0,65
BRDA:394,51,0,6
BRDA:408,52,0,64
BRDA:410,53,0,64
BRDA:410,53,1,6
BRDA:413,54,0,64
BRDA:413,54,1,6
BRDA:416,55,0,63
BRDA:417,56,0,63
BRDA:423,57,0,66
BRDA:423,57,1,2
BRDA:425,58,0,64
BRDA:425,59,0,66
BRDA:425,59,1,65
BRDA:476,60,0,0
BRDA:476,60,1,0
BRDA:491,61,0,64
BRF:99
BRH:73
end_of_record
TN:
SF:lib/utils.ts
FN:1,getOsName
FN:15,getMessageFromArgs
FN:17,(anonymous_2)
FN:34,generateAnonymousUserId
FN:42,redactMetadata
FN:44,(anonymous_5)
FN:47,(anonymous_6)
FN:48,(anonymous_7)
FN:51,(anonymous_8)
FNF:9
FNH:8
FNDA:0,getOsName
FNDA:26,getMessageFromArgs
FNDA:26,(anonymous_2)
FNDA:6,generateAnonymousUserId
FNDA:81,redactMetadata
FNDA:4,(anonymous_5)
FNDA:14,(anonymous_6)
FNDA:20,(anonymous_7)
FNDA:14,(anonymous_8)
DA:1,67
DA:2,0
DA:3,0
DA:4,0
DA:6,0
DA:7,0
DA:9,0
DA:10,0
DA:12,0
DA:15,67
DA:16,26
DA:18,26
DA:19,0
DA:20,26
DA:21,0
DA:22,26
DA:23,0
DA:25,26
DA:31,67
DA:32,67
DA:34,67
DA:35,6
DA:36,6
DA:37,60
DA:39,6
DA:42,67
DA:43,81
DA:44,4
DA:45,79
DA:46,73
DA:48,20
DA:49,14
DA:52,14
DA:53,14
DA:56,6
LF:35
LH:24
BRDA:3,0,0,0
BRDA:6,1,0,0
BRDA:9,2,0,0
BRDA:12,3,0,0
BRDA:12,3,1,0
BRDA:18,4,0,0
BRDA:18,4,1,26
BRDA:20,5,0,0
BRDA:20,5,1,26
BRDA:22,6,0,0
BRDA:22,6,1,26
BRDA:43,7,0,2
BRDA:43,7,1,79
BRDA:45,8,0,73
BRDA:49,9,0,6
BRDA:49,9,1,8
BRF:16
BRH:8
end_of_record
